{"name": "test_invalid_login_and_verify_error_message[valid_username-wrong_password-isn't connected to an account.]", "status": "failed", "statusDetails": {"message": "AssertionError: Expected login button to be visible after failed login", "trace": "self = <automation_project.helper.validation.AppValidation object at 0x000001E37C8C6850>\nexpected_error_message = \"isn't connected to an account.\"\n\n    def validate_failed_login(self, expected_error_message):\n        login_button = self.login_page.login_button\n        get_error_message = self.login_page.get_error_message(expected_error_message)\n    \n        try:\n            expect(login_button).to_be_visible(), \"login button was expected to be hidden, but it was visible\"\n>           expect(self.page.get_by_role(\"navigation\")).to_be_visible()\nE           AssertionError: Locator expected to be visible\nE           Actual value: None\nE           Error: element(s) not found \nE           Call log:\nE             - Expect \"to_be_visible\" with timeout 5000ms\nE             - waiting for get_by_role(\"navigation\")\n\nautomation_project\\helper\\validation.py:30: AssertionError\n\nThe above exception was the direct cause of the following exception:\n\nsetup_login_page = <automation_project.page_objects.login_page.LoginPage object at 0x000001E37C8C4E10>\nvalidation = <automation_project.helper.validation.AppValidation object at 0x000001E37C8C6850>\nusername = 'valid_username', password = 'wrong_password'\nexpected_error = \"isn't connected to an account.\"\n\n    @pytest.mark.parametrize(\n        \"username, password, expected_error\",\n        [\n            (\"wrong_username_template\",\"valid_password\",\"isn't connected to an account.\"),\n            (\"valid_username\",\"wrong_password\",\"isn't connected to an account.\"),\n            (\"\", \"valid_password\",\"isn't connected to an account.\"),\n            (\"valid_username\",\"\",\"isn't connected to an account.\")\n    \n        ])\n    def test_invalid_login_and_verify_error_message(setup_login_page,validation, username, password, expected_error):\n        login_page = setup_login_page\n        #main_page = (\n        login_page.perform_login(username, password)\n    \n        #assert main_page is None, \"Login should have failed but it passed!\"\n>       validation.validate_failed_login(expected_error)\n\nautomation_project\\tests\\test_login.py:31: \n_ _ _ _ _ _ _ _ _ _ _ _ _ _ _ _ _ _ _ _ _ _ _ _ _ _ _ _ _ _ _ _ _ _ _ _ _ _ _ _\n\nself = <automation_project.helper.validation.AppValidation object at 0x000001E37C8C6850>\nexpected_error_message = \"isn't connected to an account.\"\n\n    def validate_failed_login(self, expected_error_message):\n        login_button = self.login_page.login_button\n        get_error_message = self.login_page.get_error_message(expected_error_message)\n    \n        try:\n            expect(login_button).to_be_visible(), \"login button was expected to be hidden, but it was visible\"\n            expect(self.page.get_by_role(\"navigation\")).to_be_visible()\n        except Exception as e:\n            log_message(self.logger,\"login button failed to be visible\", LogLevel.ERROR)\n            take_screenshot(self.page, \"login_button_visible\")\n>           raise AssertionError(\n                \"Expected login button to be visible after failed login\"\n            ) from e\nE           AssertionError: Expected login button to be visible after failed login\n\nautomation_project\\helper\\validation.py:34: AssertionError"}, "steps": [{"name": "login", "status": "passed", "attachments": [{"name": "(Log (INFO", "source": "1d247cf8-3f87-4c82-9b19-32bac6504f54-attachment.txt", "type": "text/plain"}, {"name": "(Log (INFO", "source": "c3a7dfaa-ff14-4a1c-a0d3-70694edf7f6f-attachment.txt", "type": "text/plain"}, {"name": "(Log (INFO", "source": "e083c889-6bb3-4186-bdfb-bd5839cfb7b5-attachment.txt", "type": "text/plain"}, {"name": "(Log (INFO", "source": "da0a4b42-809f-4b8a-bba9-1fee71d9883c-attachment.txt", "type": "text/plain"}, {"name": "(Log (ERROR", "source": "61b5b6f7-9010-46b9-9219-ebc7f7c7bf19-attachment.txt", "type": "text/plain"}, {"name": "login_failed", "source": "a979bf39-a202-4020-a100-7f747a051e72-attachment.png", "type": "image/png"}], "parameters": [{"name": "username", "value": "'valid_username'"}, {"name": "password", "value": "'wrong_password'"}], "start": 1767046593752, "stop": 1767046595637}], "attachments": [{"name": "(Log (ERROR", "source": "b8026b6b-4d27-4868-a651-0a4bfa7e1385-attachment.txt", "type": "text/plain"}, {"name": "login_button_visible", "source": "b7396c6d-ba2d-45f4-8a21-f0dc17cd83bb-attachment.png", "type": "image/png"}, {"name": "log", "source": "9f92b07f-ad98-4ec6-8b87-fc42512965c8-attachment.txt", "type": "text/plain"}], "parameters": [{"name": "username", "value": "'valid_username'"}, {"name": "password", "value": "'wrong_password'"}, {"name": "expected_error", "value": "'isn't connected to an account.'"}], "start": 1767046593751, "stop": 1767046600787, "uuid": "5a57e6d4-26c8-49cd-afb8-e1056ddd8258", "historyId": "59c8d57b38585dc1941a95637afcfce8", "testCaseId": "1ee93ec838cf3eac607e9b64d9814413", "fullName": "automation_project.tests.test_login#test_invalid_login_and_verify_error_message", "labels": [{"name": "parentSuite", "value": "automation_project.tests"}, {"name": "suite", "value": "test_login"}, {"name": "host", "value": "DESKTOP-HT385RC"}, {"name": "thread", "value": "6004-MainThread"}, {"name": "framework", "value": "pytest"}, {"name": "language", "value": "cpython3"}, {"name": "package", "value": "automation_project.tests.test_login"}], "titlePath": ["automation_project", "tests", "test_login.py"]}