{"name": "test_invalid_login_and_verify_error_message[wrong_username_template-valid_password-isn't connected to an account.]", "status": "failed", "statusDetails": {"message": "AssertionError: Expected login button to be visible after failed login", "trace": "self = <automation_project.helper.validation.AppValidation object at 0x00000226CEEB9010>\nexpected_error_message = \"isn't connected to an account.\"\n\n    def validate_failed_login(self, expected_error_message):\n        login_button = self.login_page.login_button\n        get_error_message = self.login_page.get_error_message(expected_error_message)\n    \n        try:\n            expect(login_button).to_be_visible(), \"login button was expected to be hidden, but it was visible\"\n>           expect(self.page.get_by_role(\"navigation\")).to_be_visible()\nE           AssertionError: Locator expected to be visible\nE           Actual value: None\nE           Error: element(s) not found \nE           Call log:\nE             - Expect \"to_be_visible\" with timeout 5000ms\nE             - waiting for get_by_role(\"navigation\")\n\nautomation_project\\helper\\validation.py:30: AssertionError\n\nThe above exception was the direct cause of the following exception:\n\nsetup_login_page = <automation_project.page_objects.login_page.LoginPage object at 0x00000226CEEB81A0>\nvalidation = <automation_project.helper.validation.AppValidation object at 0x00000226CEEB9010>\nusername = 'wrong_username_template', password = 'valid_password'\nexpected_error = \"isn't connected to an account.\"\n\n    @pytest.mark.parametrize(\n        \"username, password, expected_error\",\n        [\n            (\"wrong_username_template\",\"valid_password\",\"isn't connected to an account.\"),\n            (\"valid_username\",\"wrong_password\",\"isn't connected to an account.\"),\n            (\"\", \"valid_password\",\"isn't connected to an account.\"),\n            (\"valid_username\",\"\",\"isn't connected to an account.\")\n    \n        ])\n    def test_invalid_login_and_verify_error_message(setup_login_page,validation, username, password, expected_error):\n        login_page = setup_login_page\n        #main_page = (\n        login_page.perform_login(username, password)\n    \n        #assert main_page is None, \"Login should have failed but it passed!\"\n>       validation.validate_failed_login(expected_error)\n\nautomation_project\\tests\\test_login.py:31: \n_ _ _ _ _ _ _ _ _ _ _ _ _ _ _ _ _ _ _ _ _ _ _ _ _ _ _ _ _ _ _ _ _ _ _ _ _ _ _ _\n\nself = <automation_project.helper.validation.AppValidation object at 0x00000226CEEB9010>\nexpected_error_message = \"isn't connected to an account.\"\n\n    def validate_failed_login(self, expected_error_message):\n        login_button = self.login_page.login_button\n        get_error_message = self.login_page.get_error_message(expected_error_message)\n    \n        try:\n            expect(login_button).to_be_visible(), \"login button was expected to be hidden, but it was visible\"\n            expect(self.page.get_by_role(\"navigation\")).to_be_visible()\n        except Exception as e:\n            log_message(self.logger,\"login button failed to be visible\", LogLevel.ERROR)\n            take_screenshot(self.page, \"login_button_visible\")\n>           raise AssertionError(\n                \"Expected login button to be visible after failed login\"\n            ) from e\nE           AssertionError: Expected login button to be visible after failed login\n\nautomation_project\\helper\\validation.py:34: AssertionError"}, "steps": [{"name": "login", "status": "passed", "attachments": [{"name": "(Log (INFO", "source": "33ef2dca-1dc4-485d-b2e2-d0eb7c4ac8ad-attachment.txt", "type": "text/plain"}, {"name": "(Log (INFO", "source": "d44e7087-b1ad-4044-b93e-2e4647cb63a2-attachment.txt", "type": "text/plain"}, {"name": "(Log (INFO", "source": "c88a5aeb-f93e-4c70-8f52-f810ad35b977-attachment.txt", "type": "text/plain"}, {"name": "(Log (INFO", "source": "87030d05-1888-4cd5-afd4-76d72205dff5-attachment.txt", "type": "text/plain"}, {"name": "(Log (ERROR", "source": "d49662c8-3ef2-4833-a5a4-d0bd49488405-attachment.txt", "type": "text/plain"}, {"name": "login_failed", "source": "b2e0a5d3-5c6a-4f57-97e7-4e2c8f50d2fe-attachment.png", "type": "image/png"}], "parameters": [{"name": "username", "value": "'wrong_username_template'"}, {"name": "password", "value": "'valid_password'"}], "start": 1767045191447, "stop": 1767045192832}], "attachments": [{"name": "(Log (ERROR", "source": "3a807a43-3314-440c-b9cd-eaa517dc77f2-attachment.txt", "type": "text/plain"}, {"name": "login_button_visible", "source": "eefeba1f-2032-4a43-89ec-a7b84decf86e-attachment.png", "type": "image/png"}, {"name": "log", "source": "8ac2ff98-ea16-43ba-9204-c98fdde57c69-attachment.txt", "type": "text/plain"}], "parameters": [{"name": "username", "value": "'wrong_username_template'"}, {"name": "password", "value": "'valid_password'"}, {"name": "expected_error", "value": "'isn't connected to an account.'"}], "start": 1767045191447, "stop": 1767045197997, "uuid": "affd905b-b4cb-4dca-b9a6-08802e12f558", "historyId": "720f1a93dbc34516b781a14b41579bb2", "testCaseId": "1ee93ec838cf3eac607e9b64d9814413", "fullName": "automation_project.tests.test_login#test_invalid_login_and_verify_error_message", "labels": [{"name": "parentSuite", "value": "automation_project.tests"}, {"name": "suite", "value": "test_login"}, {"name": "host", "value": "DESKTOP-HT385RC"}, {"name": "thread", "value": "1412-MainThread"}, {"name": "framework", "value": "pytest"}, {"name": "language", "value": "cpython3"}, {"name": "package", "value": "automation_project.tests.test_login"}], "titlePath": ["automation_project", "tests", "test_login.py"]}