{"name": "test_successfully_login", "status": "broken", "statusDetails": {"message": "Exception: Login failed, the login button still appears", "trace": "self = <automation_project.helper.validation.AppValidation object at 0x000001C761A19010>\n\n    def validate_logged_in(self):\n        login_button = self.login_page.login_button\n        try:\n>           expect(login_button).not_to_be_visible(), \"failed to login\"\n            ^^^^^^^^^^^^^^^^^^^^^^^^^^^^^^^^^^^^^^^^\nE           AssertionError: Locator expected not to be visible\nE           Actual value: visible \nE           Call log:\nE             - Expect \"to_be_visible\" with timeout 5000ms\nE             - waiting for locator(\"[name = 'login']\")\nE               9 Ã— locator resolved to <button value=\"1\" name=\"login\" tabindex=\"0\" type=\"submit\" id=\"loginbutton\" class=\"_42ft _4jy0 _52e0 _4jy6 _4jy1 selected _51sy\">Log in</button>\nE                 - unexpected value \"visible\"\n\nautomation_project\\helper\\validation.py:17: AssertionError\n\nThe above exception was the direct cause of the following exception:\n\nsetup_login_page = <automation_project.page_objects.login_page.LoginPage object at 0x000001C761A181A0>\nvalidation = <automation_project.helper.validation.AppValidation object at 0x000001C761A19010>\n\n    def test_successfully_login(setup_login_page, validation):\n        login_page = setup_login_page\n        #main_page = (\n        login_page.perform_login(VALID_CREDENTIALS[\"email\"],VALID_CREDENTIALS[\"password\"])\n        #assert main_page is not None, \"Login failed unexpectedly!\"\n>       validation.validate_logged_in()\n\nautomation_project\\tests\\test_login.py:11: \n_ _ _ _ _ _ _ _ _ _ _ _ _ _ _ _ _ _ _ _ _ _ _ _ _ _ _ _ _ _ _ _ _ _ _ _ _ _ _ _\n\nself = <automation_project.helper.validation.AppValidation object at 0x000001C761A19010>\n\n    def validate_logged_in(self):\n        login_button = self.login_page.login_button\n        try:\n            expect(login_button).not_to_be_visible(), \"failed to login\"\n        except Exception as e:\n            log_message(self.logger,\"login failed\", LogLevel.ERROR)\n            take_screenshot(self.page, \"login failed\")\n>           raise Exception(\"Login failed, the login button still appears\") from e\nE           Exception: Login failed, the login button still appears\n\nautomation_project\\helper\\validation.py:21: Exception"}, "steps": [{"name": "login", "status": "passed", "attachments": [{"name": "(Log (INFO", "source": "c2cb5fc5-54ac-4926-83f7-3dece0ca1971-attachment.txt", "type": "text/plain"}, {"name": "(Log (INFO", "source": "5c1a6425-eabc-4586-b26b-ad659eb2ad05-attachment.txt", "type": "text/plain"}, {"name": "(Log (INFO", "source": "8e17ab72-df56-4580-b26f-a25dd88921e1-attachment.txt", "type": "text/plain"}, {"name": "(Log (INFO", "source": "d3bdf191-de46-4137-a5fd-4d3b22b4730d-attachment.txt", "type": "text/plain"}, {"name": "(Log (ERROR", "source": "01d20e7d-068b-454d-a9c7-3aa2a8e9b597-attachment.txt", "type": "text/plain"}, {"name": "login_failed", "source": "86e5c56b-5a83-40cf-beb1-4ec2d13d5cf5-attachment.png", "type": "image/png"}], "parameters": [{"name": "username", "value": "'invalid_email'"}, {"name": "password", "value": "'password'"}], "start": 1767003629780, "stop": 1767003635281}], "attachments": [{"name": "(Log (ERROR", "source": "c0a7c525-dd85-461d-8db6-60b182916e8b-attachment.txt", "type": "text/plain"}, {"name": "log", "source": "1b9a2bdb-5766-4d76-aec8-cdf83fd9500f-attachment.txt", "type": "text/plain"}], "start": 1767003629780, "stop": 1767003640302, "uuid": "c98658f0-3b41-4673-98e3-4d6a8fe8ef0c", "historyId": "5ac81c4322f6b4413bd8873b0934c299", "testCaseId": "5ac81c4322f6b4413bd8873b0934c299", "fullName": "automation_project.tests.test_login#test_successfully_login", "labels": [{"name": "parentSuite", "value": "automation_project.tests"}, {"name": "suite", "value": "test_login"}, {"name": "host", "value": "DESKTOP-HT385RC"}, {"name": "thread", "value": "9488-MainThread"}, {"name": "framework", "value": "pytest"}, {"name": "language", "value": "cpython3"}, {"name": "package", "value": "automation_project.tests.test_login"}], "titlePath": ["automation_project", "tests", "test_login.py"]}