{"name": "test_invalid_login_and_verify_error_message[-valid_password-isn't connected to an account.]", "status": "failed", "statusDetails": {"message": "AssertionError: Expected login button to be visible after failed login", "trace": "self = <automation_project.helper.validation.AppValidation object at 0x000002A65829CF50>\nexpected_error_message = \"isn't connected to an account.\"\n\n    def validate_failed_login(self, expected_error_message):\n        login_button = self.login_page.login_button\n        get_error_message = self.login_page.get_error_message(expected_error_message)\n    \n        try:\n            expect(login_button).to_be_visible(), \"login button was expected to be hidden, but it was visible\"\n>           expect(get_error_message).to_be_visible(), \"expected error message mismatch\"\n            ^^^^^^^^^^^^^^^^^^^^^^^^^^^^^^^^^^^^^^^^^\nE           AssertionError: Locator expected to be visible\nE           Actual value: None\nE           SyntaxError: Failed to execute 'evaluate' on 'Document': The string '//div[contains(text(), 'isn't connected to an account.')]' is not a valid XPath expression.\nE               at Object.queryAll (<anonymous>:6091:25)\nE               at InjectedScript._queryEngineAll (<anonymous>:6789:49)\nE               at InjectedScript.querySelectorAll (<anonymous>:6776:30)\nE               at eval (eval at evaluate (:290:30), <anonymous>:2:42)\nE               at UtilityScript.evaluate (<anonymous>:292:16)\nE               at UtilityScript.<anonymous> (<anonymous>:1:44) \nE           Call log:\nE             - Expect \"to_be_visible\" with timeout 5000ms\nE             - waiting for locator(\"//div[contains(text(), 'isn't connected to an account.')]\")\n\nautomation_project\\helper\\validation.py:30: AssertionError\n\nThe above exception was the direct cause of the following exception:\n\nsetup_login_page = <automation_project.page_objects.login_page.LoginPage object at 0x000002A6582942B0>\nvalidation = <automation_project.helper.validation.AppValidation object at 0x000002A65829CF50>\nusername = '', password = 'valid_password'\nexpected_error = \"isn't connected to an account.\"\n\n    @pytest.mark.parametrize(\n        \"username, password, expected_error\",\n        [\n            (\"wrong_username_template\",\"valid_password\",\"isn't connected to an account.\"),\n            (\"valid_username\",\"wrong_password\",\"isn't connected to an account.\"),\n            (\"\", \"valid_password\",\"isn't connected to an account.\"),\n            (\"valid_username\",\"\",\"isn't connected to an account.\")\n    \n        ])\n    def test_invalid_login_and_verify_error_message(setup_login_page,validation, username, password, expected_error):\n        login_page = setup_login_page\n        #main_page = (\n        login_page.perform_login(username, password)\n    \n        #assert main_page is None, \"Login should have failed but it passed!\"\n>       validation.validate_failed_login(expected_error)\n\nautomation_project\\tests\\test_login.py:31: \n_ _ _ _ _ _ _ _ _ _ _ _ _ _ _ _ _ _ _ _ _ _ _ _ _ _ _ _ _ _ _ _ _ _ _ _ _ _ _ _\n\nself = <automation_project.helper.validation.AppValidation object at 0x000002A65829CF50>\nexpected_error_message = \"isn't connected to an account.\"\n\n    def validate_failed_login(self, expected_error_message):\n        login_button = self.login_page.login_button\n        get_error_message = self.login_page.get_error_message(expected_error_message)\n    \n        try:\n            expect(login_button).to_be_visible(), \"login button was expected to be hidden, but it was visible\"\n            expect(get_error_message).to_be_visible(), \"expected error message mismatch\"\n        except Exception as e:\n            log_message(self.logger,\"login button failed to be visible\", LogLevel.ERROR)\n            take_screenshot(self.page, \"login_button_visible\")\n>           raise AssertionError(\n                \"Expected login button to be visible after failed login\"\n            ) from e\nE           AssertionError: Expected login button to be visible after failed login\n\nautomation_project\\helper\\validation.py:34: AssertionError"}, "steps": [{"name": "login", "status": "passed", "attachments": [{"name": "(Log (INFO", "source": "4a6bcbf8-a12a-404e-998f-ae932b329438-attachment.txt", "type": "text/plain"}, {"name": "(Log (INFO", "source": "10a4e722-0340-4031-a568-55f1e46785c7-attachment.txt", "type": "text/plain"}, {"name": "(Log (INFO", "source": "6f9bc5bb-72dc-40d9-8536-6f285f59b708-attachment.txt", "type": "text/plain"}, {"name": "(Log (INFO", "source": "3f05a627-9c00-456c-83bc-a7cb7ca310bf-attachment.txt", "type": "text/plain"}, {"name": "(Log (ERROR", "source": "e7b7d094-690d-4db5-b19c-5d95bdd9b37c-attachment.txt", "type": "text/plain"}, {"name": "login_failed", "source": "dd4f1963-adda-4f5b-b608-b1f45a0d43ff-attachment.png", "type": "image/png"}], "parameters": [{"name": "username", "value": "''"}, {"name": "password", "value": "'valid_password'"}], "start": 1767046782116, "stop": 1767046783210}], "attachments": [{"name": "(Log (ERROR", "source": "b93eb3e8-8ce1-4f55-adb0-015567b5e201-attachment.txt", "type": "text/plain"}, {"name": "login_button_visible", "source": "e5b59902-db6a-4db5-8ea9-a7e08f7e173c-attachment.png", "type": "image/png"}, {"name": "log", "source": "811c49d0-dd72-4b88-8bba-fda99059d38b-attachment.txt", "type": "text/plain"}], "parameters": [{"name": "username", "value": "''"}, {"name": "password", "value": "'valid_password'"}, {"name": "expected_error", "value": "'isn't connected to an account.'"}], "start": 1767046782116, "stop": 1767046783337, "uuid": "5264d838-e3db-4e33-8720-1dacaeb85cb9", "historyId": "f0660a65ed72d3ce83d4b359b983f16d", "testCaseId": "1ee93ec838cf3eac607e9b64d9814413", "fullName": "automation_project.tests.test_login#test_invalid_login_and_verify_error_message", "labels": [{"name": "parentSuite", "value": "automation_project.tests"}, {"name": "suite", "value": "test_login"}, {"name": "host", "value": "DESKTOP-HT385RC"}, {"name": "thread", "value": "2952-MainThread"}, {"name": "framework", "value": "pytest"}, {"name": "language", "value": "cpython3"}, {"name": "package", "value": "automation_project.tests.test_login"}], "titlePath": ["automation_project", "tests", "test_login.py"]}