{"name": "test_successfully_login", "status": "failed", "statusDetails": {"message": "AssertionError: Login failed unexpectedly!\nassert None is not None", "trace": "setup_login_page = <automation_project.page_objects.login_page.LoginPage object at 0x000001A5E45F81A0>\nvalidation = <automation_project.helper.validation.AppValidation object at 0x000001A5E45F9010>\n\n    def test_successfully_login(setup_login_page,validation):\n        login_page = setup_login_page\n        main_page = login_page.perform_login(VALID_CREDENTIALS[\"email\"],VALID_CREDENTIALS[\"password\"])\n>       assert main_page is not None, \"Login failed unexpectedly!\"\nE       AssertionError: Login failed unexpectedly!\nE       assert None is not None\n\nautomation_project\\tests\\test_login.py:9: AssertionError"}, "steps": [{"name": "login", "status": "passed", "attachments": [{"name": "(Log (INFO", "source": "4c4b433d-3e0a-4e8f-95b2-79eba613c039-attachment.txt", "type": "text/plain"}, {"name": "(Log (INFO", "source": "b353eb01-d281-4c88-82e1-7864eb632e98-attachment.txt", "type": "text/plain"}, {"name": "(Log (INFO", "source": "cf3c2072-538a-4ba4-8bd9-dda4d254a487-attachment.txt", "type": "text/plain"}, {"name": "(Log (INFO", "source": "1b689bb6-2486-433d-beea-ba066d977c20-attachment.txt", "type": "text/plain"}, {"name": "(Log (ERROR", "source": "4526556e-635b-410c-8161-3fc0caea521f-attachment.txt", "type": "text/plain"}, {"name": "login_failed", "source": "30d38a39-b1c6-4fa0-a73b-11a527c186b7-attachment.png", "type": "image/png"}], "parameters": [{"name": "username", "value": "'invalid_email'"}, {"name": "password", "value": "'password'"}], "start": 1766815151209, "stop": 1766815156510}], "attachments": [{"name": "log", "source": "fce519f4-223b-49c7-8388-8a3a2e6cfcee-attachment.txt", "type": "text/plain"}], "start": 1766815151209, "stop": 1766815156511, "uuid": "885addeb-2415-4770-bd0f-bc4224695c5e", "historyId": "5ac81c4322f6b4413bd8873b0934c299", "testCaseId": "5ac81c4322f6b4413bd8873b0934c299", "fullName": "automation_project.tests.test_login#test_successfully_login", "labels": [{"name": "parentSuite", "value": "automation_project.tests"}, {"name": "suite", "value": "test_login"}, {"name": "host", "value": "DESKTOP-HT385RC"}, {"name": "thread", "value": "11780-MainThread"}, {"name": "framework", "value": "pytest"}, {"name": "language", "value": "cpython3"}, {"name": "package", "value": "automation_project.tests.test_login"}], "titlePath": ["automation_project", "tests", "test_login.py"]}