{"name": "test_invalid_login_and_verify_error_message[-valid_password-isn't connected to an account.]", "status": "failed", "statusDetails": {"message": "AssertionError: Expected login button to be visible after failed login", "trace": "self = <automation_project.helper.validation.AppValidation object at 0x000001E6E812B750>\nexpected_error_message = \"isn't connected to an account.\"\n\n    def validate_failed_login(self, expected_error_message):\n        login_button = self.login_page.login_button\n        get_error_message = self.login_page.get_error_message(expected_error_message)\n    \n        try:\n            expect(login_button).to_be_visible, \"login button was expected to be hidden, but it was visible\"\n>           expect(get_error_message).to_be_visible(), \"expected error message mismatch\"\n            ^^^^^^^^^^^^^^^^^^^^^^^^^\n\nautomation_project\\helper\\validation.py:30: \n_ _ _ _ _ _ _ _ _ _ _ _ _ _ _ _ _ _ _ _ _ _ _ _ _ _ _ _ _ _ _ _ _ _ _ _ _ _ _ _\n\nself = <playwright.sync_api.Expect object at 0x000001E6E75BAE40>, actual = None\nmessage = None\n\n    def __call__(\n        self, actual: Union[Page, Locator, APIResponse], message: Optional[str] = None\n    ) -> Union[PageAssertions, LocatorAssertions, APIResponseAssertions]:\n        if isinstance(actual, Page):\n            return PageAssertions(\n                PageAssertionsImpl(actual._impl_obj, self._timeout, message=message)\n            )\n        elif isinstance(actual, Locator):\n            return LocatorAssertions(\n                LocatorAssertionsImpl(actual._impl_obj, self._timeout, message=message)\n            )\n        elif isinstance(actual, APIResponse):\n            return APIResponseAssertions(\n                APIResponseAssertionsImpl(\n                    actual._impl_obj, self._timeout, message=message\n                )\n            )\n>       raise ValueError(f\"Unsupported type: {type(actual)}\")\nE       ValueError: Unsupported type: <class 'NoneType'>\n\n.venv\\Lib\\site-packages\\playwright\\sync_api\\__init__.py:143: ValueError\n\nThe above exception was the direct cause of the following exception:\n\nsetup_login_page = <automation_project.page_objects.login_page.LoginPage object at 0x000001E6E7D655B0>\nvalidation = <automation_project.helper.validation.AppValidation object at 0x000001E6E812B750>\nusername = '', password = 'valid_password'\nexpected_error = \"isn't connected to an account.\"\n\n    @pytest.mark.parametrize(\n        \"username, password, expected_error\",\n        [\n            (\"wrong_username_template\",\"valid_password\",\"isn't connected to an account.\"),\n            (\"valid_username\",\"wrong_password\",\"isn't connected to an account.\"),\n            (\"\", \"valid_password\",\"isn't connected to an account.\"),\n            (\"valid_username\",\"\",\"isn't connected to an account.\")\n    \n        ])\n    def test_invalid_login_and_verify_error_message(setup_login_page,validation, username, password, expected_error):\n        login_page = setup_login_page\n        #main_page = (\n        login_page.perform_login(username, password)\n    \n        #assert main_page is None, \"Login should have failed but it passed!\"\n>       validation.validate_failed_login(expected_error)\n\nautomation_project\\tests\\test_login.py:31: \n_ _ _ _ _ _ _ _ _ _ _ _ _ _ _ _ _ _ _ _ _ _ _ _ _ _ _ _ _ _ _ _ _ _ _ _ _ _ _ _\n\nself = <automation_project.helper.validation.AppValidation object at 0x000001E6E812B750>\nexpected_error_message = \"isn't connected to an account.\"\n\n    def validate_failed_login(self, expected_error_message):\n        login_button = self.login_page.login_button\n        get_error_message = self.login_page.get_error_message(expected_error_message)\n    \n        try:\n            expect(login_button).to_be_visible, \"login button was expected to be hidden, but it was visible\"\n            expect(get_error_message).to_be_visible(), \"expected error message mismatch\"\n        except Exception as e:\n            log_message(self.logger,\"login button failed to be visible\", LogLevel.ERROR)\n            take_screenshot(\"login button failed to be visible\")\n>           raise AssertionError(\n                \"Expected login button to be visible after failed login\"\n            ) from e\nE           AssertionError: Expected login button to be visible after failed login\n\nautomation_project\\helper\\validation.py:34: AssertionError"}, "steps": [{"name": "login", "status": "passed", "attachments": [{"name": "(Log (INFO", "source": "c02edf46-adf4-4eaf-a2e2-ef80ad19015e-attachment.txt", "type": "text/plain"}, {"name": "(Log (INFO", "source": "150abbb5-57f8-4d01-ae91-7e4a45db4075-attachment.txt", "type": "text/plain"}, {"name": "(Log (INFO", "source": "d0a7ce56-921c-4bca-ba76-9d3a1b7c7fac-attachment.txt", "type": "text/plain"}, {"name": "(Log (INFO", "source": "b42e9032-b011-4914-86b9-470c87f13c7e-attachment.txt", "type": "text/plain"}, {"name": "(Log (ERROR", "source": "e37b2b42-5ad3-4834-97b3-dce3048c1b7f-attachment.txt", "type": "text/plain"}, {"name": "login_failed", "source": "0cd739fd-ca41-4b28-ad12-a08a2300c24b-attachment.png", "type": "image/png"}], "parameters": [{"name": "username", "value": "''"}, {"name": "password", "value": "'valid_password'"}], "start": 1766999345378, "stop": 1766999347556}], "attachments": [{"name": "(Log (ERROR", "source": "d55de2d9-76fd-456f-a0f5-ccd99e7e9518-attachment.txt", "type": "text/plain"}, {"name": "log", "source": "21904e9b-e8ca-4d5f-97a0-c724173f1e98-attachment.txt", "type": "text/plain"}], "parameters": [{"name": "username", "value": "''"}, {"name": "password", "value": "'valid_password'"}, {"name": "expected_error", "value": "'isn't connected to an account.'"}], "start": 1766999345377, "stop": 1766999347558, "uuid": "38f35e9a-39f0-4470-b2ba-c67d30e97f98", "historyId": "f0660a65ed72d3ce83d4b359b983f16d", "testCaseId": "1ee93ec838cf3eac607e9b64d9814413", "fullName": "automation_project.tests.test_login#test_invalid_login_and_verify_error_message", "labels": [{"name": "parentSuite", "value": "automation_project.tests"}, {"name": "suite", "value": "test_login"}, {"name": "host", "value": "DESKTOP-HT385RC"}, {"name": "thread", "value": "5496-MainThread"}, {"name": "framework", "value": "pytest"}, {"name": "language", "value": "cpython3"}, {"name": "package", "value": "automation_project.tests.test_login"}], "titlePath": ["automation_project", "tests", "test_login.py"]}