{"name": "test_invalid_login_and_verify_error_message[valid_username--isn't connected to an account.]", "status": "failed", "statusDetails": {"message": "AssertionError: Expected login button to be visible after failed login", "trace": "self = <automation_project.helper.validation.AppValidation object at 0x000001E6E818A060>\nexpected_error_message = \"isn't connected to an account.\"\n\n    def validate_failed_login(self, expected_error_message):\n        login_button = self.login_page.login_button\n        get_error_message = self.login_page.get_error_message(expected_error_message)\n    \n        try:\n            expect(login_button).to_be_visible, \"login button was expected to be hidden, but it was visible\"\n>           expect(get_error_message).to_be_visible(), \"expected error message mismatch\"\n            ^^^^^^^^^^^^^^^^^^^^^^^^^\n\nautomation_project\\helper\\validation.py:30: \n_ _ _ _ _ _ _ _ _ _ _ _ _ _ _ _ _ _ _ _ _ _ _ _ _ _ _ _ _ _ _ _ _ _ _ _ _ _ _ _\n\nself = <playwright.sync_api.Expect object at 0x000001E6E75BAE40>, actual = None\nmessage = None\n\n    def __call__(\n        self, actual: Union[Page, Locator, APIResponse], message: Optional[str] = None\n    ) -> Union[PageAssertions, LocatorAssertions, APIResponseAssertions]:\n        if isinstance(actual, Page):\n            return PageAssertions(\n                PageAssertionsImpl(actual._impl_obj, self._timeout, message=message)\n            )\n        elif isinstance(actual, Locator):\n            return LocatorAssertions(\n                LocatorAssertionsImpl(actual._impl_obj, self._timeout, message=message)\n            )\n        elif isinstance(actual, APIResponse):\n            return APIResponseAssertions(\n                APIResponseAssertionsImpl(\n                    actual._impl_obj, self._timeout, message=message\n                )\n            )\n>       raise ValueError(f\"Unsupported type: {type(actual)}\")\nE       ValueError: Unsupported type: <class 'NoneType'>\n\n.venv\\Lib\\site-packages\\playwright\\sync_api\\__init__.py:143: ValueError\n\nThe above exception was the direct cause of the following exception:\n\nsetup_login_page = <automation_project.page_objects.login_page.LoginPage object at 0x000001E6E8155D00>\nvalidation = <automation_project.helper.validation.AppValidation object at 0x000001E6E818A060>\nusername = 'valid_username', password = ''\nexpected_error = \"isn't connected to an account.\"\n\n    @pytest.mark.parametrize(\n        \"username, password, expected_error\",\n        [\n            (\"wrong_username_template\",\"valid_password\",\"isn't connected to an account.\"),\n            (\"valid_username\",\"wrong_password\",\"isn't connected to an account.\"),\n            (\"\", \"valid_password\",\"isn't connected to an account.\"),\n            (\"valid_username\",\"\",\"isn't connected to an account.\")\n    \n        ])\n    def test_invalid_login_and_verify_error_message(setup_login_page,validation, username, password, expected_error):\n        login_page = setup_login_page\n        #main_page = (\n        login_page.perform_login(username, password)\n    \n        #assert main_page is None, \"Login should have failed but it passed!\"\n>       validation.validate_failed_login(expected_error)\n\nautomation_project\\tests\\test_login.py:31: \n_ _ _ _ _ _ _ _ _ _ _ _ _ _ _ _ _ _ _ _ _ _ _ _ _ _ _ _ _ _ _ _ _ _ _ _ _ _ _ _\n\nself = <automation_project.helper.validation.AppValidation object at 0x000001E6E818A060>\nexpected_error_message = \"isn't connected to an account.\"\n\n    def validate_failed_login(self, expected_error_message):\n        login_button = self.login_page.login_button\n        get_error_message = self.login_page.get_error_message(expected_error_message)\n    \n        try:\n            expect(login_button).to_be_visible, \"login button was expected to be hidden, but it was visible\"\n            expect(get_error_message).to_be_visible(), \"expected error message mismatch\"\n        except Exception as e:\n            log_message(self.logger,\"login button failed to be visible\", LogLevel.ERROR)\n            take_screenshot(\"login button failed to be visible\")\n>           raise AssertionError(\n                \"Expected login button to be visible after failed login\"\n            ) from e\nE           AssertionError: Expected login button to be visible after failed login\n\nautomation_project\\helper\\validation.py:34: AssertionError"}, "steps": [{"name": "login", "status": "passed", "attachments": [{"name": "(Log (INFO", "source": "522269a9-767b-4869-8b28-334ed9d1a4b7-attachment.txt", "type": "text/plain"}, {"name": "(Log (INFO", "source": "737ea561-1f0c-48d5-bef9-8590f8634b21-attachment.txt", "type": "text/plain"}, {"name": "(Log (INFO", "source": "2358b17e-d855-4532-aa2a-f87bf7e522ec-attachment.txt", "type": "text/plain"}, {"name": "(Log (INFO", "source": "dedb8590-4073-458a-8310-e55d2cd22f2c-attachment.txt", "type": "text/plain"}, {"name": "(Log (ERROR", "source": "019e2d9d-f557-4a4f-8213-aecffcda0958-attachment.txt", "type": "text/plain"}, {"name": "login_failed", "source": "dbd2f077-5273-49ba-93ba-8178010f0f16-attachment.png", "type": "image/png"}], "parameters": [{"name": "username", "value": "'valid_username'"}, {"name": "password", "value": "''"}], "start": 1766999352914, "stop": 1766999355523}], "attachments": [{"name": "(Log (ERROR", "source": "7e8d6a8e-bd66-4eaf-b509-57bf2daa8f53-attachment.txt", "type": "text/plain"}, {"name": "log", "source": "a573243c-fe8a-4453-bf35-1dce1c53f945-attachment.txt", "type": "text/plain"}], "parameters": [{"name": "username", "value": "'valid_username'"}, {"name": "password", "value": "''"}, {"name": "expected_error", "value": "'isn't connected to an account.'"}], "start": 1766999352914, "stop": 1766999355525, "uuid": "3ad8cfd7-8e6c-42e2-802d-fb1cb93f3878", "historyId": "9701f7acd7c9de8e938e514dde3ac69b", "testCaseId": "1ee93ec838cf3eac607e9b64d9814413", "fullName": "automation_project.tests.test_login#test_invalid_login_and_verify_error_message", "labels": [{"name": "parentSuite", "value": "automation_project.tests"}, {"name": "suite", "value": "test_login"}, {"name": "host", "value": "DESKTOP-HT385RC"}, {"name": "thread", "value": "5496-MainThread"}, {"name": "framework", "value": "pytest"}, {"name": "language", "value": "cpython3"}, {"name": "package", "value": "automation_project.tests.test_login"}], "titlePath": ["automation_project", "tests", "test_login.py"]}