{"name": "test_successfully_login", "status": "broken", "statusDetails": {"message": "Exception: Login failed, the login button still appears", "trace": "self = <automation_project.helper.validation.AppValidation object at 0x000001FCC8D39010>\n\n    def validate_logged_in(self):\n        login_button = self.login_page.login_button\n        try:\n>           expect(login_button).not_to_be_visible(), \"failed to login\"\n            ^^^^^^^^^^^^^^^^^^^^^^^^^^^^^^^^^^^^^^^^\nE           AssertionError: Locator expected not to be visible\nE           Actual value: visible \nE           Call log:\nE             - Expect \"to_be_visible\" with timeout 5000ms\nE             - waiting for locator(\"[name = 'login']\")\nE               9 Ã— locator resolved to <button value=\"1\" name=\"login\" tabindex=\"0\" type=\"submit\" id=\"loginbutton\" class=\"_42ft _4jy0 _52e0 _4jy6 _4jy1 selected _51sy\">Log in</button>\nE                 - unexpected value \"visible\"\n\nautomation_project\\helper\\validation.py:17: AssertionError\n\nThe above exception was the direct cause of the following exception:\n\nsetup_login_page = <automation_project.page_objects.login_page.LoginPage object at 0x000001FCC8D381A0>\nvalidation = <automation_project.helper.validation.AppValidation object at 0x000001FCC8D39010>\n\n    def test_successfully_login(setup_login_page, validation):\n        login_page = setup_login_page\n        #main_page = (\n        login_page.perform_login(VALID_CREDENTIALS[\"email\"],VALID_CREDENTIALS[\"password\"])\n        #assert main_page is not None, \"Login failed unexpectedly!\"\n>       validation.validate_logged_in()\n\nautomation_project\\tests\\test_login.py:11: \n_ _ _ _ _ _ _ _ _ _ _ _ _ _ _ _ _ _ _ _ _ _ _ _ _ _ _ _ _ _ _ _ _ _ _ _ _ _ _ _\n\nself = <automation_project.helper.validation.AppValidation object at 0x000001FCC8D39010>\n\n    def validate_logged_in(self):\n        login_button = self.login_page.login_button\n        try:\n            expect(login_button).not_to_be_visible(), \"failed to login\"\n        except Exception as e:\n            log_message(self.logger,\"login failed\", LogLevel.ERROR)\n            take_screenshot(self.page, \"login failed\")\n>           raise Exception(\"Login failed, the login button still appears\") from e\nE           Exception: Login failed, the login button still appears\n\nautomation_project\\helper\\validation.py:21: Exception"}, "steps": [{"name": "login", "status": "passed", "attachments": [{"name": "(Log (INFO", "source": "1600b4e2-601f-4b06-8daf-7a81a7b33286-attachment.txt", "type": "text/plain"}, {"name": "(Log (INFO", "source": "640fe05d-e84d-4c44-9fb1-e79f9968c03d-attachment.txt", "type": "text/plain"}, {"name": "(Log (INFO", "source": "0c2bd29f-8d31-40fb-9def-b686539d3a4c-attachment.txt", "type": "text/plain"}, {"name": "(Log (INFO", "source": "15254c0b-c776-4f77-8973-b4e931b73b4a-attachment.txt", "type": "text/plain"}, {"name": "(Log (ERROR", "source": "5483cf40-67d9-44f2-b5a6-60065168828b-attachment.txt", "type": "text/plain"}, {"name": "login_failed", "source": "ec5d3773-eecb-4a76-a9dc-4cfa60a38d22-attachment.png", "type": "image/png"}], "parameters": [{"name": "username", "value": "'invalid_email'"}, {"name": "password", "value": "'password'"}], "start": 1766998753086, "stop": 1766998761313}], "attachments": [{"name": "(Log (ERROR", "source": "fbb9882c-69fa-4551-9aca-c7416044a757-attachment.txt", "type": "text/plain"}, {"name": "log", "source": "7f040d4b-da7e-496f-9b5c-9cb3518e0267-attachment.txt", "type": "text/plain"}], "start": 1766998753085, "stop": 1766998766330, "uuid": "c99c9f40-68b6-4889-8edd-05a7390b9f21", "historyId": "5ac81c4322f6b4413bd8873b0934c299", "testCaseId": "5ac81c4322f6b4413bd8873b0934c299", "fullName": "automation_project.tests.test_login#test_successfully_login", "labels": [{"name": "parentSuite", "value": "automation_project.tests"}, {"name": "suite", "value": "test_login"}, {"name": "host", "value": "DESKTOP-HT385RC"}, {"name": "thread", "value": "9592-MainThread"}, {"name": "framework", "value": "pytest"}, {"name": "language", "value": "cpython3"}, {"name": "package", "value": "automation_project.tests.test_login"}], "titlePath": ["automation_project", "tests", "test_login.py"]}