{"name": "test_successfully_login", "status": "broken", "statusDetails": {"message": "Exception: Login failed, the login button still appears", "trace": "self = <automation_project.helper.validation.AppValidation object at 0x0000027C9C289010>\n\n    def validate_logged_in(self):\n        login_button = self.login_page.login_button\n        try:\n>           expect(login_button).to_be_hidden()\nE           AssertionError: Locator expected to be hidden\nE           Actual value: visible \nE           Call log:\nE             - Expect \"to_be_hidden\" with timeout 5000ms\nE             - waiting for locator(\"[name = 'login']\")\nE               8 Ã— locator resolved to <button value=\"1\" name=\"login\" tabindex=\"0\" type=\"submit\" id=\"loginbutton\" class=\"_42ft _4jy0 _52e0 _4jy6 _4jy1 selected _51sy\">Log in</button>\nE                 - unexpected value \"visible\"\n\nautomation_project\\helper\\validation.py:17: AssertionError\n\nThe above exception was the direct cause of the following exception:\n\nsetup_login_page = <automation_project.page_objects.login_page.LoginPage object at 0x0000027C9C2881A0>\nvalidation = <automation_project.helper.validation.AppValidation object at 0x0000027C9C289010>\n\n    def test_successfully_login(setup_login_page, validation):\n        login_page = setup_login_page\n        main_page = login_page.perform_login(VALID_CREDENTIALS[\"email\"],VALID_CREDENTIALS[\"password\"])\n>       validation.validate_logged_in()\n\nautomation_project\\tests\\test_login.py:9: \n_ _ _ _ _ _ _ _ _ _ _ _ _ _ _ _ _ _ _ _ _ _ _ _ _ _ _ _ _ _ _ _ _ _ _ _ _ _ _ _\n\nself = <automation_project.helper.validation.AppValidation object at 0x0000027C9C289010>\n\n    def validate_logged_in(self):\n        login_button = self.login_page.login_button\n        try:\n            expect(login_button).to_be_hidden()\n        except Exception as e:\n            log_message(self.logger,\"login failed\", LogLevel.ERROR)\n            take_screenshot(self.page, \"login failed\")\n>           raise Exception(\"Login failed, the login button still appears\") from e\nE           Exception: Login failed, the login button still appears\n\nautomation_project\\helper\\validation.py:21: Exception"}, "steps": [{"name": "login", "status": "passed", "attachments": [{"name": "(Log (INFO", "source": "a49cdd38-7174-4886-a7f8-766dd82f583a-attachment.txt", "type": "text/plain"}, {"name": "(Log (INFO", "source": "de06dea3-f1c2-46a5-8438-d1a82e25351a-attachment.txt", "type": "text/plain"}, {"name": "(Log (INFO", "source": "2f45f2c7-4c72-40bc-a914-5d8813dda375-attachment.txt", "type": "text/plain"}, {"name": "(Log (INFO", "source": "5272cab4-496c-4a57-a8fa-c7ca114140be-attachment.txt", "type": "text/plain"}], "parameters": [{"name": "username", "value": "'invalid_email'"}, {"name": "password", "value": "'password'"}], "start": 1766994637515, "stop": 1766994643138}], "attachments": [{"name": "(Log (ERROR", "source": "c0fb7b1c-f4a3-40a0-acaf-3c418c5671c7-attachment.txt", "type": "text/plain"}, {"name": "log", "source": "562ac48b-53f8-45fd-9ae2-3aded182b007-attachment.txt", "type": "text/plain"}], "start": 1766994637514, "stop": 1766994648176, "uuid": "9bf9e3ab-582a-4792-9fd8-92065cdb564e", "historyId": "5ac81c4322f6b4413bd8873b0934c299", "testCaseId": "5ac81c4322f6b4413bd8873b0934c299", "fullName": "automation_project.tests.test_login#test_successfully_login", "labels": [{"name": "parentSuite", "value": "automation_project.tests"}, {"name": "suite", "value": "test_login"}, {"name": "host", "value": "DESKTOP-HT385RC"}, {"name": "thread", "value": "10276-MainThread"}, {"name": "framework", "value": "pytest"}, {"name": "language", "value": "cpython3"}, {"name": "package", "value": "automation_project.tests.test_login"}], "titlePath": ["automation_project", "tests", "test_login.py"]}