{"name": "test_successfully_login", "status": "broken", "statusDetails": {"message": "Exception: Login failed, the login button still appears", "trace": "self = <automation_project.helper.validation.AppValidation object at 0x000001B1C987D160>\n\n    def validate_logged_in(self):\n        login_button = self.login_page.login_button\n        try:\n>           expect(login_button).to_be_hidden()\nE           AssertionError: Locator expected to be hidden\nE           Actual value: visible \nE           Call log:\nE             - Expect \"to_be_hidden\" with timeout 5000ms\nE             - waiting for locator(\"[name = 'login']\")\nE               9 Ã— locator resolved to <button value=\"1\" name=\"login\" tabindex=\"0\" type=\"submit\" id=\"loginbutton\" class=\"_42ft _4jy0 _52e0 _4jy6 _4jy1 selected _51sy\">Log in</button>\nE                 - unexpected value \"visible\"\n\nautomation_project\\helper\\validation.py:17: AssertionError\n\nThe above exception was the direct cause of the following exception:\n\nsetup_login_page = <automation_project.page_objects.login_page.LoginPage object at 0x000001B1C987C2F0>\nvalidation = <automation_project.helper.validation.AppValidation object at 0x000001B1C987D160>\n\n    def test_successfully_login(setup_login_page,validation):\n        login_page = setup_login_page\n        login_page.perform_login(VALID_CREDENTIALS[\"email\"],VALID_CREDENTIALS[\"password\"])\n        #main_page =\n        #assert main_page is not None, \"Login failed unexpectedly!\"\n    \n>       validation.validate_logged_in()\n\nautomation_project\\tests\\test_login.py:12: \n_ _ _ _ _ _ _ _ _ _ _ _ _ _ _ _ _ _ _ _ _ _ _ _ _ _ _ _ _ _ _ _ _ _ _ _ _ _ _ _\n\nself = <automation_project.helper.validation.AppValidation object at 0x000001B1C987D160>\n\n    def validate_logged_in(self):\n        login_button = self.login_page.login_button\n        try:\n            expect(login_button).to_be_hidden()\n        except Exception as e:\n            log_message(self.logger,\"login failed\", LogLevel.ERROR)\n            take_screenshot(self.page, \"login failed\")\n>           raise Exception(\"Login failed, the login button still appears\") from e\nE           Exception: Login failed, the login button still appears\n\nautomation_project\\helper\\validation.py:21: Exception"}, "steps": [{"name": "login", "status": "passed", "attachments": [{"name": "(Log (INFO", "source": "1b0be5cb-e9b9-4e85-ac55-6d0d7b1aa530-attachment.txt", "type": "text/plain"}, {"name": "(Log (INFO", "source": "c52ef9d1-4b73-4ee1-a945-7310d5b08763-attachment.txt", "type": "text/plain"}, {"name": "(Log (INFO", "source": "67fd7dfc-e32f-4dfa-8f24-792bf543d6fa-attachment.txt", "type": "text/plain"}, {"name": "(Log (INFO", "source": "d709d7e1-75a0-48cb-9c00-b91627b70259-attachment.txt", "type": "text/plain"}, {"name": "(Log (ERROR", "source": "a615bfcf-8f0c-4de3-9087-876a7533d87f-attachment.txt", "type": "text/plain"}, {"name": "login_failed", "source": "5b9bee73-040d-44b4-ac6b-4bd856f8d754-attachment.png", "type": "image/png"}], "parameters": [{"name": "username", "value": "'invalid_email'"}, {"name": "password", "value": "'password'"}], "start": 1766925581231, "stop": 1766925588445}], "attachments": [{"name": "(Log (ERROR", "source": "45136819-dd59-46dc-aae3-04ae97fcb802-attachment.txt", "type": "text/plain"}, {"name": "log", "source": "9651fbc6-fd70-4b49-ba97-656302ac52e4-attachment.txt", "type": "text/plain"}], "start": 1766925581231, "stop": 1766925593606, "uuid": "291ba3f5-f820-4283-b312-6bad7f1faecf", "historyId": "5ac81c4322f6b4413bd8873b0934c299", "testCaseId": "5ac81c4322f6b4413bd8873b0934c299", "fullName": "automation_project.tests.test_login#test_successfully_login", "labels": [{"name": "parentSuite", "value": "automation_project.tests"}, {"name": "suite", "value": "test_login"}, {"name": "host", "value": "DESKTOP-HT385RC"}, {"name": "thread", "value": "5484-MainThread"}, {"name": "framework", "value": "pytest"}, {"name": "language", "value": "cpython3"}, {"name": "package", "value": "automation_project.tests.test_login"}], "titlePath": ["automation_project", "tests", "test_login.py"]}