{"name": "test_invalid_login_and_verify_error_message[valid_username-wrong_password-isn't connected to an account.]", "status": "failed", "statusDetails": {"message": "AssertionError: Expected login button to be visible after failed login", "trace": "self = <automation_project.helper.validation.AppValidation object at 0x0000017059A1E850>\nexpected_error_message = \"isn't connected to an account.\"\n\n    def validate_failed_login(self, expected_error_message):\n        login_button = self.login_page.login_button\n        get_error_message = self.login_page.get_error_message(expected_error_message)\n    \n        try:\n            expect(login_button).to_be_visible, \"login button was expected to be hidden, but it was visible\"\n>           expect(get_error_message).to_be_visible(), \"expected error message mismatch\"\n            ^^^^^^^^^^^^^^^^^^^^^^^^^\n\nautomation_project\\helper\\validation.py:30: \n_ _ _ _ _ _ _ _ _ _ _ _ _ _ _ _ _ _ _ _ _ _ _ _ _ _ _ _ _ _ _ _ _ _ _ _ _ _ _ _\n\nself = <playwright.sync_api.Expect object at 0x0000017057F19160>, actual = None\nmessage = None\n\n    def __call__(\n        self, actual: Union[Page, Locator, APIResponse], message: Optional[str] = None\n    ) -> Union[PageAssertions, LocatorAssertions, APIResponseAssertions]:\n        if isinstance(actual, Page):\n            return PageAssertions(\n                PageAssertionsImpl(actual._impl_obj, self._timeout, message=message)\n            )\n        elif isinstance(actual, Locator):\n            return LocatorAssertions(\n                LocatorAssertionsImpl(actual._impl_obj, self._timeout, message=message)\n            )\n        elif isinstance(actual, APIResponse):\n            return APIResponseAssertions(\n                APIResponseAssertionsImpl(\n                    actual._impl_obj, self._timeout, message=message\n                )\n            )\n>       raise ValueError(f\"Unsupported type: {type(actual)}\")\nE       ValueError: Unsupported type: <class 'NoneType'>\n\n.venv\\Lib\\site-packages\\playwright\\sync_api\\__init__.py:143: ValueError\n\nThe above exception was the direct cause of the following exception:\n\nsetup_login_page = <automation_project.page_objects.login_page.LoginPage object at 0x0000017059A84180>\nvalidation = <automation_project.helper.validation.AppValidation object at 0x0000017059A1E850>\nusername = 'valid_username', password = 'wrong_password'\nexpected_error = \"isn't connected to an account.\"\n\n    @pytest.mark.parametrize(\n        \"username, password, expected_error\",\n        [\n            (\"wrong_username_template\",\"valid_password\",\"isn't connected to an account.\"),\n            (\"valid_username\",\"wrong_password\",\"isn't connected to an account.\"),\n            (\"\", \"valid_password\",\"isn't connected to an account.\"),\n            (\"valid_username\",\"\",\"isn't connected to an account.\")\n    \n        ])\n    def test_invalid_login_and_verify_error_message(setup_login_page,validation, username, password, expected_error):\n        login_page = setup_login_page\n        main_page = login_page.perform_login(username, password)\n    \n        assert main_page is None, \"Login should have failed but it passed!\"\n>       validation.validate_failed_login(expected_error)\n\nautomation_project\\tests\\test_login.py:30: \n_ _ _ _ _ _ _ _ _ _ _ _ _ _ _ _ _ _ _ _ _ _ _ _ _ _ _ _ _ _ _ _ _ _ _ _ _ _ _ _\n\nself = <automation_project.helper.validation.AppValidation object at 0x0000017059A1E850>\nexpected_error_message = \"isn't connected to an account.\"\n\n    def validate_failed_login(self, expected_error_message):\n        login_button = self.login_page.login_button\n        get_error_message = self.login_page.get_error_message(expected_error_message)\n    \n        try:\n            expect(login_button).to_be_visible, \"login button was expected to be hidden, but it was visible\"\n            expect(get_error_message).to_be_visible(), \"expected error message mismatch\"\n        except Exception as e:\n            log_message(self.logger,\"login button failed to be visible\", LogLevel.ERROR)\n            take_screenshot(\"login button failed to be visible\")\n>           raise AssertionError(\n                \"Expected login button to be visible after failed login\"\n            ) from e\nE           AssertionError: Expected login button to be visible after failed login\n\nautomation_project\\helper\\validation.py:34: AssertionError"}, "steps": [{"name": "login", "status": "passed", "attachments": [{"name": "(Log (INFO", "source": "afee476f-529b-4743-87a9-8dd28d285e46-attachment.txt", "type": "text/plain"}, {"name": "(Log (INFO", "source": "0ed67263-a876-41cc-800a-27785f5059c1-attachment.txt", "type": "text/plain"}, {"name": "(Log (INFO", "source": "a0fc815e-de93-47c6-a5c6-28534d1e93a6-attachment.txt", "type": "text/plain"}, {"name": "(Log (INFO", "source": "1b307f49-5bbd-4798-bdb7-aad8ee3ae08b-attachment.txt", "type": "text/plain"}, {"name": "(Log (ERROR", "source": "6e688e0d-a3f4-4434-a5d4-8686a38d0771-attachment.txt", "type": "text/plain"}, {"name": "login_failed", "source": "c9f1b338-3dbc-4294-bc58-ccab4b642941-attachment.png", "type": "image/png"}], "parameters": [{"name": "username", "value": "'valid_username'"}, {"name": "password", "value": "'wrong_password'"}], "start": 1766946897016, "stop": 1766946900068}], "attachments": [{"name": "(Log (ERROR", "source": "5d2c04ea-f1a8-4620-a309-7be17a9b0fe3-attachment.txt", "type": "text/plain"}, {"name": "log", "source": "7aaa3a62-00cd-4db1-88bc-1021f7c89eda-attachment.txt", "type": "text/plain"}], "parameters": [{"name": "username", "value": "'valid_username'"}, {"name": "password", "value": "'wrong_password'"}, {"name": "expected_error", "value": "'isn't connected to an account.'"}], "start": 1766946897013, "stop": 1766946900085, "uuid": "7cc16163-82d6-4d19-a912-711c767ee5ae", "historyId": "59c8d57b38585dc1941a95637afcfce8", "testCaseId": "1ee93ec838cf3eac607e9b64d9814413", "fullName": "automation_project.tests.test_login#test_invalid_login_and_verify_error_message", "labels": [{"name": "parentSuite", "value": "automation_project.tests"}, {"name": "suite", "value": "test_login"}, {"name": "host", "value": "DESKTOP-HT385RC"}, {"name": "thread", "value": "11820-MainThread"}, {"name": "framework", "value": "pytest"}, {"name": "language", "value": "cpython3"}, {"name": "package", "value": "automation_project.tests.test_login"}], "titlePath": ["automation_project", "tests", "test_login.py"]}