{"name": "test_invalid_login_and_verify_error_message[-valid_password-isn't connected to an account.]", "status": "failed", "statusDetails": {"message": "AssertionError: Expected login button to be visible after failed login", "trace": "self = <automation_project.helper.validation.AppValidation object at 0x000001E37C960E10>\nexpected_error_message = \"isn't connected to an account.\"\n\n    def validate_failed_login(self, expected_error_message):\n        login_button = self.login_page.login_button\n        get_error_message = self.login_page.get_error_message(expected_error_message)\n    \n        try:\n            expect(login_button).to_be_visible(), \"login button was expected to be hidden, but it was visible\"\n>           expect(self.page.get_by_role(\"navigation\")).to_be_visible()\nE           AssertionError: Locator expected to be visible\nE           Actual value: None\nE           Error: element(s) not found \nE           Call log:\nE             - Expect \"to_be_visible\" with timeout 5000ms\nE             - waiting for get_by_role(\"navigation\")\n\nautomation_project\\helper\\validation.py:30: AssertionError\n\nThe above exception was the direct cause of the following exception:\n\nsetup_login_page = <automation_project.page_objects.login_page.LoginPage object at 0x000001E37C9502B0>\nvalidation = <automation_project.helper.validation.AppValidation object at 0x000001E37C960E10>\nusername = '', password = 'valid_password'\nexpected_error = \"isn't connected to an account.\"\n\n    @pytest.mark.parametrize(\n        \"username, password, expected_error\",\n        [\n            (\"wrong_username_template\",\"valid_password\",\"isn't connected to an account.\"),\n            (\"valid_username\",\"wrong_password\",\"isn't connected to an account.\"),\n            (\"\", \"valid_password\",\"isn't connected to an account.\"),\n            (\"valid_username\",\"\",\"isn't connected to an account.\")\n    \n        ])\n    def test_invalid_login_and_verify_error_message(setup_login_page,validation, username, password, expected_error):\n        login_page = setup_login_page\n        #main_page = (\n        login_page.perform_login(username, password)\n    \n        #assert main_page is None, \"Login should have failed but it passed!\"\n>       validation.validate_failed_login(expected_error)\n\nautomation_project\\tests\\test_login.py:31: \n_ _ _ _ _ _ _ _ _ _ _ _ _ _ _ _ _ _ _ _ _ _ _ _ _ _ _ _ _ _ _ _ _ _ _ _ _ _ _ _\n\nself = <automation_project.helper.validation.AppValidation object at 0x000001E37C960E10>\nexpected_error_message = \"isn't connected to an account.\"\n\n    def validate_failed_login(self, expected_error_message):\n        login_button = self.login_page.login_button\n        get_error_message = self.login_page.get_error_message(expected_error_message)\n    \n        try:\n            expect(login_button).to_be_visible(), \"login button was expected to be hidden, but it was visible\"\n            expect(self.page.get_by_role(\"navigation\")).to_be_visible()\n        except Exception as e:\n            log_message(self.logger,\"login button failed to be visible\", LogLevel.ERROR)\n            take_screenshot(self.page, \"login_button_visible\")\n>           raise AssertionError(\n                \"Expected login button to be visible after failed login\"\n            ) from e\nE           AssertionError: Expected login button to be visible after failed login\n\nautomation_project\\helper\\validation.py:34: AssertionError"}, "steps": [{"name": "login", "status": "passed", "attachments": [{"name": "(Log (INFO", "source": "56e354a1-1449-48a0-a10f-de4d3dc0ba49-attachment.txt", "type": "text/plain"}, {"name": "(Log (INFO", "source": "ad550098-5ed4-42d0-8990-003b302a3b8a-attachment.txt", "type": "text/plain"}, {"name": "(Log (INFO", "source": "ce4ea16d-b3b5-4b47-a95f-aaa3533aca6a-attachment.txt", "type": "text/plain"}, {"name": "(Log (INFO", "source": "915db7ba-c09e-4e8b-9a0c-c35ff66e977f-attachment.txt", "type": "text/plain"}, {"name": "(Log (ERROR", "source": "53759414-cdb6-4473-bb43-fd10d1d96b52-attachment.txt", "type": "text/plain"}, {"name": "login_failed", "source": "16f5064e-8d15-4147-86f4-6442850d34b9-attachment.png", "type": "image/png"}], "parameters": [{"name": "username", "value": "''"}, {"name": "password", "value": "'valid_password'"}], "start": 1767046610917, "stop": 1767046612074}], "attachments": [{"name": "(Log (ERROR", "source": "97f9367b-1df3-48cd-9295-3d53397b6ad6-attachment.txt", "type": "text/plain"}, {"name": "login_button_visible", "source": "c6ce52dc-a3b1-4050-b6d4-e3e077c073a5-attachment.png", "type": "image/png"}, {"name": "log", "source": "f4e5a6ba-caf7-4d91-99a4-3dbde4850a2a-attachment.txt", "type": "text/plain"}], "parameters": [{"name": "username", "value": "''"}, {"name": "password", "value": "'valid_password'"}, {"name": "expected_error", "value": "'isn't connected to an account.'"}], "start": 1767046610917, "stop": 1767046617232, "uuid": "ec5cd9c8-93dd-4bbe-9448-8ab8428959f4", "historyId": "f0660a65ed72d3ce83d4b359b983f16d", "testCaseId": "1ee93ec838cf3eac607e9b64d9814413", "fullName": "automation_project.tests.test_login#test_invalid_login_and_verify_error_message", "labels": [{"name": "parentSuite", "value": "automation_project.tests"}, {"name": "suite", "value": "test_login"}, {"name": "host", "value": "DESKTOP-HT385RC"}, {"name": "thread", "value": "6004-MainThread"}, {"name": "framework", "value": "pytest"}, {"name": "language", "value": "cpython3"}, {"name": "package", "value": "automation_project.tests.test_login"}], "titlePath": ["automation_project", "tests", "test_login.py"]}