{"name": "test_successfully_login", "status": "broken", "statusDetails": {"message": "Exception: Login failed, the login button still appears", "trace": "self = <automation_project.helper.validation.AppValidation object at 0x0000014194F29010>\n\n    def validate_logged_in(self):\n        login_button = self.login_page.login_button\n        try:\n>           expect(login_button).not_to_be_visible(), \"failed to login\"\n            ^^^^^^^^^^^^^^^^^^^^^^^^^^^^^^^^^^^^^^^^\nE           AssertionError: Locator expected not to be visible\nE           Actual value: visible \nE           Call log:\nE             - Expect \"to_be_visible\" with timeout 5000ms\nE             - waiting for locator(\"[name = 'login']\")\nE               8 Ã— locator resolved to <button value=\"1\" name=\"login\" tabindex=\"0\" type=\"submit\" id=\"loginbutton\" class=\"_42ft _4jy0 _52e0 _4jy6 _4jy1 selected _51sy\">Log in</button>\nE                 - unexpected value \"visible\"\n\nautomation_project\\helper\\validation.py:17: AssertionError\n\nThe above exception was the direct cause of the following exception:\n\nsetup_login_page = <automation_project.page_objects.login_page.LoginPage object at 0x0000014194F281A0>\nvalidation = <automation_project.helper.validation.AppValidation object at 0x0000014194F29010>\n\n    def test_successfully_login(setup_login_page, validation):\n        login_page = setup_login_page\n        #main_page = (\n        login_page.perform_login(VALID_CREDENTIALS[\"email\"],VALID_CREDENTIALS[\"password\"])\n        #assert main_page is not None, \"Login failed unexpectedly!\"\n>       validation.validate_logged_in()\n\nautomation_project\\tests\\test_login.py:11: \n_ _ _ _ _ _ _ _ _ _ _ _ _ _ _ _ _ _ _ _ _ _ _ _ _ _ _ _ _ _ _ _ _ _ _ _ _ _ _ _\n\nself = <automation_project.helper.validation.AppValidation object at 0x0000014194F29010>\n\n    def validate_logged_in(self):\n        login_button = self.login_page.login_button\n        try:\n            expect(login_button).not_to_be_visible(), \"failed to login\"\n        except Exception as e:\n            log_message(self.logger,\"login failed\", LogLevel.ERROR)\n            take_screenshot(self.page, \"login failed\")\n>           raise Exception(\"Login failed, the login button still appears\") from e\nE           Exception: Login failed, the login button still appears\n\nautomation_project\\helper\\validation.py:21: Exception"}, "steps": [{"name": "login", "status": "passed", "attachments": [{"name": "(Log (INFO", "source": "b940dc86-d054-41b5-82e1-a519b61c1b56-attachment.txt", "type": "text/plain"}, {"name": "(Log (INFO", "source": "41ce5864-1d65-4dbe-a47a-a4e6dec0ed21-attachment.txt", "type": "text/plain"}, {"name": "(Log (INFO", "source": "329edc22-cf8a-409a-a1c3-899033909d15-attachment.txt", "type": "text/plain"}, {"name": "(Log (INFO", "source": "312b52ab-82eb-4f4e-ab10-e076f10bf44e-attachment.txt", "type": "text/plain"}], "parameters": [{"name": "username", "value": "'invalid_email'"}, {"name": "password", "value": "'password'"}], "start": 1767000587811, "stop": 1767000591504}], "attachments": [{"name": "(Log (ERROR", "source": "1ffc0089-9b46-49f4-b043-55dca3ec9d67-attachment.txt", "type": "text/plain"}, {"name": "log", "source": "942a85ef-7137-41bb-908d-3f7a86603004-attachment.txt", "type": "text/plain"}], "start": 1767000587810, "stop": 1767000596527, "uuid": "8b57d9e5-44b1-46c7-bf7c-4e3fe8282ccc", "historyId": "5ac81c4322f6b4413bd8873b0934c299", "testCaseId": "5ac81c4322f6b4413bd8873b0934c299", "fullName": "automation_project.tests.test_login#test_successfully_login", "labels": [{"name": "parentSuite", "value": "automation_project.tests"}, {"name": "suite", "value": "test_login"}, {"name": "host", "value": "DESKTOP-HT385RC"}, {"name": "thread", "value": "13460-MainThread"}, {"name": "framework", "value": "pytest"}, {"name": "language", "value": "cpython3"}, {"name": "package", "value": "automation_project.tests.test_login"}], "titlePath": ["automation_project", "tests", "test_login.py"]}