{"name": "test_invalid_login_and_verify_error_message[valid_username-wrong_password-isn't connected to an account.]", "status": "failed", "statusDetails": {"message": "AssertionError: Expected login button to be visible after failed login", "trace": "self = <automation_project.helper.validation.AppValidation object at 0x000001E6E8129450>\nexpected_error_message = \"isn't connected to an account.\"\n\n    def validate_failed_login(self, expected_error_message):\n        login_button = self.login_page.login_button\n        get_error_message = self.login_page.get_error_message(expected_error_message)\n    \n        try:\n            expect(login_button).to_be_visible, \"login button was expected to be hidden, but it was visible\"\n>           expect(get_error_message).to_be_visible(), \"expected error message mismatch\"\n            ^^^^^^^^^^^^^^^^^^^^^^^^^\n\nautomation_project\\helper\\validation.py:30: \n_ _ _ _ _ _ _ _ _ _ _ _ _ _ _ _ _ _ _ _ _ _ _ _ _ _ _ _ _ _ _ _ _ _ _ _ _ _ _ _\n\nself = <playwright.sync_api.Expect object at 0x000001E6E75BAE40>, actual = None\nmessage = None\n\n    def __call__(\n        self, actual: Union[Page, Locator, APIResponse], message: Optional[str] = None\n    ) -> Union[PageAssertions, LocatorAssertions, APIResponseAssertions]:\n        if isinstance(actual, Page):\n            return PageAssertions(\n                PageAssertionsImpl(actual._impl_obj, self._timeout, message=message)\n            )\n        elif isinstance(actual, Locator):\n            return LocatorAssertions(\n                LocatorAssertionsImpl(actual._impl_obj, self._timeout, message=message)\n            )\n        elif isinstance(actual, APIResponse):\n            return APIResponseAssertions(\n                APIResponseAssertionsImpl(\n                    actual._impl_obj, self._timeout, message=message\n                )\n            )\n>       raise ValueError(f\"Unsupported type: {type(actual)}\")\nE       ValueError: Unsupported type: <class 'NoneType'>\n\n.venv\\Lib\\site-packages\\playwright\\sync_api\\__init__.py:143: ValueError\n\nThe above exception was the direct cause of the following exception:\n\nsetup_login_page = <automation_project.page_objects.login_page.LoginPage object at 0x000001E6E8128190>\nvalidation = <automation_project.helper.validation.AppValidation object at 0x000001E6E8129450>\nusername = 'valid_username', password = 'wrong_password'\nexpected_error = \"isn't connected to an account.\"\n\n    @pytest.mark.parametrize(\n        \"username, password, expected_error\",\n        [\n            (\"wrong_username_template\",\"valid_password\",\"isn't connected to an account.\"),\n            (\"valid_username\",\"wrong_password\",\"isn't connected to an account.\"),\n            (\"\", \"valid_password\",\"isn't connected to an account.\"),\n            (\"valid_username\",\"\",\"isn't connected to an account.\")\n    \n        ])\n    def test_invalid_login_and_verify_error_message(setup_login_page,validation, username, password, expected_error):\n        login_page = setup_login_page\n        #main_page = (\n        login_page.perform_login(username, password)\n    \n        #assert main_page is None, \"Login should have failed but it passed!\"\n>       validation.validate_failed_login(expected_error)\n\nautomation_project\\tests\\test_login.py:31: \n_ _ _ _ _ _ _ _ _ _ _ _ _ _ _ _ _ _ _ _ _ _ _ _ _ _ _ _ _ _ _ _ _ _ _ _ _ _ _ _\n\nself = <automation_project.helper.validation.AppValidation object at 0x000001E6E8129450>\nexpected_error_message = \"isn't connected to an account.\"\n\n    def validate_failed_login(self, expected_error_message):\n        login_button = self.login_page.login_button\n        get_error_message = self.login_page.get_error_message(expected_error_message)\n    \n        try:\n            expect(login_button).to_be_visible, \"login button was expected to be hidden, but it was visible\"\n            expect(get_error_message).to_be_visible(), \"expected error message mismatch\"\n        except Exception as e:\n            log_message(self.logger,\"login button failed to be visible\", LogLevel.ERROR)\n            take_screenshot(\"login button failed to be visible\")\n>           raise AssertionError(\n                \"Expected login button to be visible after failed login\"\n            ) from e\nE           AssertionError: Expected login button to be visible after failed login\n\nautomation_project\\helper\\validation.py:34: AssertionError"}, "steps": [{"name": "login", "status": "passed", "attachments": [{"name": "(Log (INFO", "source": "c3fe3dca-3ae4-4fbd-87e0-314bc999367a-attachment.txt", "type": "text/plain"}, {"name": "(Log (INFO", "source": "77d7c403-2b26-4267-ae30-c47fb8e95e7f-attachment.txt", "type": "text/plain"}, {"name": "(Log (INFO", "source": "26f1c1d5-5eee-408d-96c4-dfcaa6fd6525-attachment.txt", "type": "text/plain"}, {"name": "(Log (INFO", "source": "381bf22a-ccd6-4133-879b-2e77b4b35aba-attachment.txt", "type": "text/plain"}, {"name": "(Log (ERROR", "source": "30491bf0-cb40-4697-b8c5-dc66edca328b-attachment.txt", "type": "text/plain"}, {"name": "login_failed", "source": "96ed0a3b-ae92-4f38-87a5-1f9c5babcc47-attachment.png", "type": "image/png"}], "parameters": [{"name": "username", "value": "'valid_username'"}, {"name": "password", "value": "'wrong_password'"}], "start": 1766999335189, "stop": 1766999340138}], "attachments": [{"name": "(Log (ERROR", "source": "cfb194c4-4ed7-4a5a-8b02-219cdf13f4e0-attachment.txt", "type": "text/plain"}, {"name": "log", "source": "70b57bee-b60b-466e-8ad7-90e9f4262793-attachment.txt", "type": "text/plain"}], "parameters": [{"name": "username", "value": "'valid_username'"}, {"name": "password", "value": "'wrong_password'"}, {"name": "expected_error", "value": "'isn't connected to an account.'"}], "start": 1766999335188, "stop": 1766999340141, "uuid": "804376dd-49d7-48f0-86bf-ade0b0f64e33", "historyId": "59c8d57b38585dc1941a95637afcfce8", "testCaseId": "1ee93ec838cf3eac607e9b64d9814413", "fullName": "automation_project.tests.test_login#test_invalid_login_and_verify_error_message", "labels": [{"name": "parentSuite", "value": "automation_project.tests"}, {"name": "suite", "value": "test_login"}, {"name": "host", "value": "DESKTOP-HT385RC"}, {"name": "thread", "value": "5496-MainThread"}, {"name": "framework", "value": "pytest"}, {"name": "language", "value": "cpython3"}, {"name": "package", "value": "automation_project.tests.test_login"}], "titlePath": ["automation_project", "tests", "test_login.py"]}