{"name": "test_invalid_login_and_verify_error_message[wrong_username_template-valid_password-isn't connected to an account.]", "status": "failed", "statusDetails": {"message": "AssertionError: Expected login button to be visible after failed login", "trace": "self = <automation_project.helper.validation.AppValidation object at 0x000002A6580FD010>\nexpected_error_message = \"isn't connected to an account.\"\n\n    def validate_failed_login(self, expected_error_message):\n        login_button = self.login_page.login_button\n        get_error_message = self.login_page.get_error_message(expected_error_message)\n    \n        try:\n            expect(login_button).to_be_visible(), \"login button was expected to be hidden, but it was visible\"\n>           expect(get_error_message).to_be_visible(), \"expected error message mismatch\"\n            ^^^^^^^^^^^^^^^^^^^^^^^^^^^^^^^^^^^^^^^^^\nE           AssertionError: Locator expected to be visible\nE           Actual value: None\nE           SyntaxError: Failed to execute 'evaluate' on 'Document': The string '//div[contains(text(), 'isn't connected to an account.')]' is not a valid XPath expression.\nE               at Object.queryAll (<anonymous>:6091:25)\nE               at InjectedScript._queryEngineAll (<anonymous>:6789:49)\nE               at InjectedScript.querySelectorAll (<anonymous>:6776:30)\nE               at eval (eval at evaluate (:290:30), <anonymous>:2:42)\nE               at UtilityScript.evaluate (<anonymous>:292:16)\nE               at UtilityScript.<anonymous> (<anonymous>:1:44) \nE           Call log:\nE             - Expect \"to_be_visible\" with timeout 5000ms\nE             - waiting for locator(\"//div[contains(text(), 'isn't connected to an account.')]\")\n\nautomation_project\\helper\\validation.py:30: AssertionError\n\nThe above exception was the direct cause of the following exception:\n\nsetup_login_page = <automation_project.page_objects.login_page.LoginPage object at 0x000002A6580FC1A0>\nvalidation = <automation_project.helper.validation.AppValidation object at 0x000002A6580FD010>\nusername = 'wrong_username_template', password = 'valid_password'\nexpected_error = \"isn't connected to an account.\"\n\n    @pytest.mark.parametrize(\n        \"username, password, expected_error\",\n        [\n            (\"wrong_username_template\",\"valid_password\",\"isn't connected to an account.\"),\n            (\"valid_username\",\"wrong_password\",\"isn't connected to an account.\"),\n            (\"\", \"valid_password\",\"isn't connected to an account.\"),\n            (\"valid_username\",\"\",\"isn't connected to an account.\")\n    \n        ])\n    def test_invalid_login_and_verify_error_message(setup_login_page,validation, username, password, expected_error):\n        login_page = setup_login_page\n        #main_page = (\n        login_page.perform_login(username, password)\n    \n        #assert main_page is None, \"Login should have failed but it passed!\"\n>       validation.validate_failed_login(expected_error)\n\nautomation_project\\tests\\test_login.py:31: \n_ _ _ _ _ _ _ _ _ _ _ _ _ _ _ _ _ _ _ _ _ _ _ _ _ _ _ _ _ _ _ _ _ _ _ _ _ _ _ _\n\nself = <automation_project.helper.validation.AppValidation object at 0x000002A6580FD010>\nexpected_error_message = \"isn't connected to an account.\"\n\n    def validate_failed_login(self, expected_error_message):\n        login_button = self.login_page.login_button\n        get_error_message = self.login_page.get_error_message(expected_error_message)\n    \n        try:\n            expect(login_button).to_be_visible(), \"login button was expected to be hidden, but it was visible\"\n            expect(get_error_message).to_be_visible(), \"expected error message mismatch\"\n        except Exception as e:\n            log_message(self.logger,\"login button failed to be visible\", LogLevel.ERROR)\n            take_screenshot(self.page, \"login_button_visible\")\n>           raise AssertionError(\n                \"Expected login button to be visible after failed login\"\n            ) from e\nE           AssertionError: Expected login button to be visible after failed login\n\nautomation_project\\helper\\validation.py:34: AssertionError"}, "steps": [{"name": "login", "status": "passed", "attachments": [{"name": "(Log (INFO", "source": "0db8a819-0fe8-4955-aa71-68e0246b6e0b-attachment.txt", "type": "text/plain"}, {"name": "(Log (INFO", "source": "45bfc6c3-6c13-4d77-ae98-2ac2b7d0bc22-attachment.txt", "type": "text/plain"}, {"name": "(Log (INFO", "source": "c51421f5-7d39-49e9-abc7-a0aa087e9db1-attachment.txt", "type": "text/plain"}, {"name": "(Log (INFO", "source": "550babfd-a8af-42e3-b7ab-159a3047e6e6-attachment.txt", "type": "text/plain"}, {"name": "(Log (ERROR", "source": "a2c46241-dcbc-4582-8320-6f69b71bc500-attachment.txt", "type": "text/plain"}, {"name": "login_failed", "source": "2ff4cc2e-d79e-4089-9f6f-2fbb70b63e65-attachment.png", "type": "image/png"}], "parameters": [{"name": "username", "value": "'wrong_username_template'"}, {"name": "password", "value": "'valid_password'"}], "start": 1767046768082, "stop": 1767046769373}], "attachments": [{"name": "(Log (ERROR", "source": "772585d4-fdfb-475e-9a37-03dffdfc67f1-attachment.txt", "type": "text/plain"}, {"name": "login_button_visible", "source": "5472aaaf-bba9-4748-88d8-b71145bcbc03-attachment.png", "type": "image/png"}, {"name": "log", "source": "26345513-0514-496a-8e13-81df84e762c3-attachment.txt", "type": "text/plain"}], "parameters": [{"name": "username", "value": "'wrong_username_template'"}, {"name": "password", "value": "'valid_password'"}, {"name": "expected_error", "value": "'isn't connected to an account.'"}], "start": 1767046768081, "stop": 1767046769538, "uuid": "c5119211-0c6f-41a9-b83c-79f99719239b", "historyId": "720f1a93dbc34516b781a14b41579bb2", "testCaseId": "1ee93ec838cf3eac607e9b64d9814413", "fullName": "automation_project.tests.test_login#test_invalid_login_and_verify_error_message", "labels": [{"name": "parentSuite", "value": "automation_project.tests"}, {"name": "suite", "value": "test_login"}, {"name": "host", "value": "DESKTOP-HT385RC"}, {"name": "thread", "value": "2952-MainThread"}, {"name": "framework", "value": "pytest"}, {"name": "language", "value": "cpython3"}, {"name": "package", "value": "automation_project.tests.test_login"}], "titlePath": ["automation_project", "tests", "test_login.py"]}