{"name": "test_invalid_login_and_verify_error_message[valid_username--isn't connected to an account.]", "status": "failed", "statusDetails": {"message": "AssertionError: Expected login button to be visible after failed login", "trace": "self = <automation_project.helper.validation.AppValidation object at 0x000001F46DD92190>\nexpected_error_message = \"isn't connected to an account.\"\n\n    def validate_failed_login(self, expected_error_message):\n        login_button = self.login_page.login_button\n        get_error_message = self.login_page.get_error_message(expected_error_message)\n    \n        try:\n            expect(login_button).to_be_visible, \"login button was expected to be hidden, but it was visible\"\n>           expect(get_error_message).to_be_visible(), \"expected error message mismatch\"\n            ^^^^^^^^^^^^^^^^^^^^^^^^^\n\nautomation_project\\helper\\validation.py:30: \n_ _ _ _ _ _ _ _ _ _ _ _ _ _ _ _ _ _ _ _ _ _ _ _ _ _ _ _ _ _ _ _ _ _ _ _ _ _ _ _\n\nself = <playwright.sync_api.Expect object at 0x000001F46D25AE40>, actual = None\nmessage = None\n\n    def __call__(\n        self, actual: Union[Page, Locator, APIResponse], message: Optional[str] = None\n    ) -> Union[PageAssertions, LocatorAssertions, APIResponseAssertions]:\n        if isinstance(actual, Page):\n            return PageAssertions(\n                PageAssertionsImpl(actual._impl_obj, self._timeout, message=message)\n            )\n        elif isinstance(actual, Locator):\n            return LocatorAssertions(\n                LocatorAssertionsImpl(actual._impl_obj, self._timeout, message=message)\n            )\n        elif isinstance(actual, APIResponse):\n            return APIResponseAssertions(\n                APIResponseAssertionsImpl(\n                    actual._impl_obj, self._timeout, message=message\n                )\n            )\n>       raise ValueError(f\"Unsupported type: {type(actual)}\")\nE       ValueError: Unsupported type: <class 'NoneType'>\n\n.venv\\Lib\\site-packages\\playwright\\sync_api\\__init__.py:143: ValueError\n\nThe above exception was the direct cause of the following exception:\n\nsetup_login_page = <automation_project.page_objects.login_page.LoginPage object at 0x000001F46DE41D00>\nvalidation = <automation_project.helper.validation.AppValidation object at 0x000001F46DD92190>\nusername = 'valid_username', password = ''\nexpected_error = \"isn't connected to an account.\"\n\n    @pytest.mark.parametrize(\n        \"username, password, expected_error\",\n        [\n            (\"wrong_username_template\",\"valid_password\",\"isn't connected to an account.\"),\n            (\"valid_username\",\"wrong_password\",\"isn't connected to an account.\"),\n            (\"\", \"valid_password\",\"isn't connected to an account.\"),\n            (\"valid_username\",\"\",\"isn't connected to an account.\")\n    \n        ])\n    def test_invalid_login_and_verify_error_message(setup_login_page,validation, username, password, expected_error):\n        login_page = setup_login_page\n        main_page = login_page.perform_login(username, password)\n    \n        assert main_page is None, \"Login should have failed but it passed!\"\n>       validation.validate_failed_login(expected_error)\n\nautomation_project\\tests\\test_login.py:30: \n_ _ _ _ _ _ _ _ _ _ _ _ _ _ _ _ _ _ _ _ _ _ _ _ _ _ _ _ _ _ _ _ _ _ _ _ _ _ _ _\n\nself = <automation_project.helper.validation.AppValidation object at 0x000001F46DD92190>\nexpected_error_message = \"isn't connected to an account.\"\n\n    def validate_failed_login(self, expected_error_message):\n        login_button = self.login_page.login_button\n        get_error_message = self.login_page.get_error_message(expected_error_message)\n    \n        try:\n            expect(login_button).to_be_visible, \"login button was expected to be hidden, but it was visible\"\n            expect(get_error_message).to_be_visible(), \"expected error message mismatch\"\n        except Exception as e:\n            log_message(self.logger,\"login button failed to be visible\", LogLevel.ERROR)\n            take_screenshot(\"login button failed to be visible\")\n>           raise AssertionError(\n                \"Expected login button to be visible after failed login\"\n            ) from e\nE           AssertionError: Expected login button to be visible after failed login\n\nautomation_project\\helper\\validation.py:34: AssertionError"}, "steps": [{"name": "login", "status": "passed", "attachments": [{"name": "(Log (INFO", "source": "0934aeee-6ce7-4f39-9bed-6b8afcb547ad-attachment.txt", "type": "text/plain"}, {"name": "(Log (INFO", "source": "88ebc52b-4f34-47c5-83d0-5a76137bdcdc-attachment.txt", "type": "text/plain"}, {"name": "(Log (INFO", "source": "efe46f41-30ff-460a-8989-5b1419f3e991-attachment.txt", "type": "text/plain"}, {"name": "(Log (INFO", "source": "f667e024-cf07-461a-9ced-7e0846fbd89e-attachment.txt", "type": "text/plain"}, {"name": "(Log (ERROR", "source": "df88943a-2452-4b88-b057-c41890b6839d-attachment.txt", "type": "text/plain"}, {"name": "login_failed", "source": "0d1c84a3-fc09-449a-a0f3-9874cf3ddd39-attachment.png", "type": "image/png"}], "parameters": [{"name": "username", "value": "'valid_username'"}, {"name": "password", "value": "''"}], "start": 1766998962469, "stop": 1766998965803}], "attachments": [{"name": "(Log (ERROR", "source": "f4cb75a2-c0df-485d-87e6-934f7bb5be64-attachment.txt", "type": "text/plain"}, {"name": "log", "source": "dfda0809-89c7-40e3-94ef-ee3bd33a7098-attachment.txt", "type": "text/plain"}], "parameters": [{"name": "username", "value": "'valid_username'"}, {"name": "password", "value": "''"}, {"name": "expected_error", "value": "'isn't connected to an account.'"}], "start": 1766998962468, "stop": 1766998965806, "uuid": "23464796-2a1c-458a-a7e0-c47ebd851dda", "historyId": "9701f7acd7c9de8e938e514dde3ac69b", "testCaseId": "1ee93ec838cf3eac607e9b64d9814413", "fullName": "automation_project.tests.test_login#test_invalid_login_and_verify_error_message", "labels": [{"name": "parentSuite", "value": "automation_project.tests"}, {"name": "suite", "value": "test_login"}, {"name": "host", "value": "DESKTOP-HT385RC"}, {"name": "thread", "value": "10604-MainThread"}, {"name": "framework", "value": "pytest"}, {"name": "language", "value": "cpython3"}, {"name": "package", "value": "automation_project.tests.test_login"}], "titlePath": ["automation_project", "tests", "test_login.py"]}