{"name": "test_successfully_login", "status": "failed", "statusDetails": {"message": "AssertionError: Login failed unexpectedly!\nassert None is not None", "trace": "setup_login_page = <automation_project.page_objects.login_page.LoginPage object at 0x000002831D82FCB0>\nvalidation = <automation_project.helper.validation.AppValidation object at 0x000002831DAFCC20>\n\n    def test_successfully_login(setup_login_page,validation):\n        login_page = setup_login_page\n        main_page = login_page.perform_login(VALID_CREDENTIALS[\"email\"],VALID_CREDENTIALS[\"password\"])\n>       assert main_page is not None, \"Login failed unexpectedly!\"\nE       AssertionError: Login failed unexpectedly!\nE       assert None is not None\n\nautomation_project\\tests\\test_login.py:9: AssertionError"}, "steps": [{"name": "login", "status": "passed", "attachments": [{"name": "(Log (INFO", "source": "4e36dc89-3ed8-4cc3-9b5f-8b5e7b4a3062-attachment.txt", "type": "text/plain"}, {"name": "(Log (INFO", "source": "14132d8d-4cf9-4771-a5ce-cb6e5a1dfed1-attachment.txt", "type": "text/plain"}, {"name": "(Log (INFO", "source": "cb079307-76f2-49cd-87f2-89a7ab4f87e1-attachment.txt", "type": "text/plain"}, {"name": "(Log (INFO", "source": "62207919-4fa3-43bb-a43e-0766cadf3730-attachment.txt", "type": "text/plain"}, {"name": "(Log (ERROR", "source": "ee1e7671-14cc-4973-a4ed-b105b3a03c83-attachment.txt", "type": "text/plain"}, {"name": "login_failed", "source": "e37b5323-1074-4919-a079-791b1e0f9d40-attachment.png", "type": "image/png"}], "parameters": [{"name": "username", "value": "'invalidEmail@exampl.com'"}, {"name": "password", "value": "'password'"}], "start": 1766477022580, "stop": 1766477052575}], "attachments": [{"name": "log", "source": "fc076590-cec5-4dc4-bff0-da7e0107cd71-attachment.txt", "type": "text/plain"}], "start": 1766477022579, "stop": 1766477052576, "uuid": "5c0fe278-67bf-4174-b578-61c25a9c499d", "historyId": "5ac81c4322f6b4413bd8873b0934c299", "testCaseId": "5ac81c4322f6b4413bd8873b0934c299", "fullName": "automation_project.tests.test_login#test_successfully_login", "labels": [{"name": "parentSuite", "value": "automation_project.tests"}, {"name": "suite", "value": "test_login"}, {"name": "host", "value": "DESKTOP-HT385RC"}, {"name": "thread", "value": "5520-MainThread"}, {"name": "framework", "value": "pytest"}, {"name": "language", "value": "cpython3"}, {"name": "package", "value": "automation_project.tests.test_login"}], "titlePath": ["automation_project", "tests", "test_login.py"]}