{"name": "test_invalid_login_and_verify_error_message[valid_email@gmail.com-wrong_password-error]", "status": "failed", "statusDetails": {"message": "AssertionError: Login should have failed but it passed!\nassert <automation_project.page_objects.main_page.MainPage object at 0x000001C649336E90> is None", "trace": "setup_login_page = <automation_project.page_objects.login_page.LoginPage object at 0x000001C6496F4410>\nvalidation = <automation_project.helper.validation.AppValidation object at 0x000001C6496F56D0>\nemail = 'valid_email@gmail.com', password = 'wrong_password'\nexpected_error = 'error'\n\n    @pytest.mark.parametrize(\n        \"email, password, expected_error\",\n        [\n            (\"wrong_email_template\",\"valid_password\",\"error\"),\n            (\"valid_email@gmail.com\",\"wrong_password\",\"error\")\n    \n        ],\n    )\n    def test_invalid_login_and_verify_error_message(setup_login_page,validation,email, password, expected_error):\n        login_page = setup_login_page\n        main_page = login_page.perform_login(email, password)\n    \n>       assert main_page is None, \"Login should have failed but it passed!\"\nE       AssertionError: Login should have failed but it passed!\nE       assert <automation_project.page_objects.main_page.MainPage object at 0x000001C649336E90> is None\n\nautomation_project\\tests\\test_login.py:27: AssertionError"}, "steps": [{"name": "login", "status": "passed", "attachments": [{"name": "(Log (INFO", "source": "0a647cb3-4e4e-43be-9e86-cde6d73985af-attachment.txt", "type": "text/plain"}, {"name": "(Log (INFO", "source": "8624af62-8276-43e3-8a64-e52891260c80-attachment.txt", "type": "text/plain"}, {"name": "(Log (INFO", "source": "360a8cc6-b14f-4af9-9d53-2c6f940ce22b-attachment.txt", "type": "text/plain"}, {"name": "(Log (INFO", "source": "7ebd621f-f77e-492d-b10b-9602a77a5d6b-attachment.txt", "type": "text/plain"}], "parameters": [{"name": "username", "value": "'valid_email@gmail.com'"}, {"name": "password", "value": "'wrong_password'"}], "start": 1766511497801, "stop": 1766511512179}], "attachments": [{"name": "log", "source": "c72ae5b5-c88b-41b8-93c4-1f9980341fc9-attachment.txt", "type": "text/plain"}], "parameters": [{"name": "email", "value": "'valid_email@gmail.com'"}, {"name": "password", "value": "'wrong_password'"}, {"name": "expected_error", "value": "'error'"}], "start": 1766511497800, "stop": 1766511512179, "uuid": "b27c6e44-f495-40f3-8e64-b26dd01f9025", "historyId": "98f28bb61ae14a2e4db93c72cc157eb6", "testCaseId": "1ee93ec838cf3eac607e9b64d9814413", "fullName": "automation_project.tests.test_login#test_invalid_login_and_verify_error_message", "labels": [{"name": "parentSuite", "value": "automation_project.tests"}, {"name": "suite", "value": "test_login"}, {"name": "host", "value": "DESKTOP-HT385RC"}, {"name": "thread", "value": "12076-MainThread"}, {"name": "framework", "value": "pytest"}, {"name": "language", "value": "cpython3"}, {"name": "package", "value": "automation_project.tests.test_login"}], "titlePath": ["automation_project", "tests", "test_login.py"]}