{"name": "test_invalid_login_and_verify_error_message[valid_username-wrong_password-isn't connected to an account.]", "status": "failed", "statusDetails": {"message": "AssertionError: Expected login button to be visible after failed login", "trace": "self = <automation_project.helper.validation.AppValidation object at 0x000001CA04612850>\nexpected_error_message = \"isn't connected to an account.\"\n\n    def validate_failed_login(self, expected_error_message):\n        login_button = self.login_page.login_button\n        error_message = self.login_page.get_error_message(expected_error_message)\n    \n        try:\n            expect(login_button).to_be_visible(), \"login button was expected to be hidden, but it was visible\"\n>           expect(error_message).to_be_visible(), \"login button was expected to be hidden, but it was visible\"\n            ^^^^^^^^^^^^^^^^^^^^^^^^^^^^^^^^^^^^^\nE           AssertionError: Locator expected to be visible\nE           Actual value: None\nE           SyntaxError: Failed to execute 'evaluate' on 'Document': The string '//div[contains(text(), 'isn't connected to an account.')]' is not a valid XPath expression.\nE               at Object.queryAll (<anonymous>:6091:25)\nE               at InjectedScript._queryEngineAll (<anonymous>:6789:49)\nE               at InjectedScript.querySelectorAll (<anonymous>:6776:30)\nE               at eval (eval at evaluate (:290:30), <anonymous>:2:42)\nE               at UtilityScript.evaluate (<anonymous>:292:16)\nE               at UtilityScript.<anonymous> (<anonymous>:1:44) \nE           Call log:\nE             - Expect \"to_be_visible\" with timeout 5000ms\nE             - waiting for locator(\"//div[contains(text(), 'isn't connected to an account.')]\")\n\nautomation_project\\helper\\validation.py:30: AssertionError\n\nThe above exception was the direct cause of the following exception:\n\nsetup_login_page = <automation_project.page_objects.login_page.LoginPage object at 0x000001CA04610CD0>\nvalidation = <automation_project.helper.validation.AppValidation object at 0x000001CA04612850>\nusername = 'valid_username', password = 'wrong_password'\nerror_message = \"isn't connected to an account.\"\n\n    @pytest.mark.parametrize(\n        \"username, password, error_message\",\n        [\n            (\"wrong_username_template\",\"valid_password\",\"isn't connected to an account.\"),\n            (\"valid_username\",\"wrong_password\",\"isn't connected to an account.\"),\n            (\"\", \"valid_password\",\"isn't connected to an account.\"),\n            (\"valid_username\",\"\",\"isn't connected to an account.\")\n    \n        ])\n    def test_invalid_login_and_verify_error_message(setup_login_page,validation, username, password, error_message):\n        login_page = setup_login_page\n        #main_page = (\n        login_page.perform_login(username, password)\n    \n        #assert main_page is None, \"Login should have failed but it passed!\"\n>       validation.validate_failed_login(error_message)\n\nautomation_project\\tests\\test_login.py:31: \n_ _ _ _ _ _ _ _ _ _ _ _ _ _ _ _ _ _ _ _ _ _ _ _ _ _ _ _ _ _ _ _ _ _ _ _ _ _ _ _\n\nself = <automation_project.helper.validation.AppValidation object at 0x000001CA04612850>\nexpected_error_message = \"isn't connected to an account.\"\n\n    def validate_failed_login(self, expected_error_message):\n        login_button = self.login_page.login_button\n        error_message = self.login_page.get_error_message(expected_error_message)\n    \n        try:\n            expect(login_button).to_be_visible(), \"login button was expected to be hidden, but it was visible\"\n            expect(error_message).to_be_visible(), \"login button was expected to be hidden, but it was visible\"\n        except Exception as e:\n            log_message(self.logger,\"login button failed to be visible\", LogLevel.ERROR)\n            take_screenshot(self.page, \"login_button_visible\")\n>           raise AssertionError(\n                \"Expected login button to be visible after failed login\"\n            ) from e\nE           AssertionError: Expected login button to be visible after failed login\n\nautomation_project\\helper\\validation.py:34: AssertionError"}, "steps": [{"name": "login", "status": "passed", "attachments": [{"name": "(Log (INFO", "source": "8779c370-9b94-4b0a-93f1-4b2d79082212-attachment.txt", "type": "text/plain"}, {"name": "(Log (INFO", "source": "b705a1fe-edc4-4475-a6cb-fbbaca0e5fec-attachment.txt", "type": "text/plain"}, {"name": "(Log (INFO", "source": "fc48ac11-cec2-4176-8fbf-4252c32d9291-attachment.txt", "type": "text/plain"}, {"name": "(Log (INFO", "source": "1bd4634b-482a-4358-ae2a-3920916615df-attachment.txt", "type": "text/plain"}, {"name": "(Log (ERROR", "source": "0b08db3c-d03e-4f6a-9824-246bcec8b0c3-attachment.txt", "type": "text/plain"}, {"name": "login_failed", "source": "89196da2-8562-4a98-9b5b-44c93e90a0f4-attachment.png", "type": "image/png"}], "parameters": [{"name": "username", "value": "'valid_username'"}, {"name": "password", "value": "'wrong_password'"}], "start": 1767090125128, "stop": 1767090127165}], "attachments": [{"name": "(Log (ERROR", "source": "72725dcb-c01f-41ef-92ce-9c366eaf7e7f-attachment.txt", "type": "text/plain"}, {"name": "login_button_visible", "source": "a9629b12-fd80-4f38-9809-c0b410df1adc-attachment.png", "type": "image/png"}, {"name": "log", "source": "62ee5e13-dfdb-44d4-ac97-bbacfa41781e-attachment.txt", "type": "text/plain"}], "parameters": [{"name": "username", "value": "'valid_username'"}, {"name": "password", "value": "'wrong_password'"}, {"name": "error_message", "value": "'isn't connected to an account.'"}], "start": 1767090125126, "stop": 1767090127314, "uuid": "5672938e-110e-4878-b72d-d68821aa0823", "historyId": "59c8d57b38585dc1941a95637afcfce8", "testCaseId": "1ee93ec838cf3eac607e9b64d9814413", "fullName": "automation_project.tests.test_login#test_invalid_login_and_verify_error_message", "labels": [{"name": "parentSuite", "value": "automation_project.tests"}, {"name": "suite", "value": "test_login"}, {"name": "host", "value": "DESKTOP-HT385RC"}, {"name": "thread", "value": "8108-MainThread"}, {"name": "framework", "value": "pytest"}, {"name": "language", "value": "cpython3"}, {"name": "package", "value": "automation_project.tests.test_login"}], "titlePath": ["automation_project", "tests", "test_login.py"]}