{"name": "test_invalid_login_and_verify_error_message[-valid_password-isn't connected to an account.]", "status": "failed", "statusDetails": {"message": "AssertionError: Expected login button to be visible after failed login", "trace": "self = <automation_project.helper.validation.AppValidation object at 0x00000226CF05CB90>\nexpected_error_message = \"isn't connected to an account.\"\n\n    def validate_failed_login(self, expected_error_message):\n        login_button = self.login_page.login_button\n        get_error_message = self.login_page.get_error_message(expected_error_message)\n    \n        try:\n            expect(login_button).to_be_visible(), \"login button was expected to be hidden, but it was visible\"\n>           expect(self.page.get_by_role(\"navigation\")).to_be_visible()\nE           AssertionError: Locator expected to be visible\nE           Actual value: None\nE           Error: element(s) not found \nE           Call log:\nE             - Expect \"to_be_visible\" with timeout 5000ms\nE             - waiting for get_by_role(\"navigation\")\n\nautomation_project\\helper\\validation.py:30: AssertionError\n\nThe above exception was the direct cause of the following exception:\n\nsetup_login_page = <automation_project.page_objects.login_page.LoginPage object at 0x00000226CF0582B0>\nvalidation = <automation_project.helper.validation.AppValidation object at 0x00000226CF05CB90>\nusername = '', password = 'valid_password'\nexpected_error = \"isn't connected to an account.\"\n\n    @pytest.mark.parametrize(\n        \"username, password, expected_error\",\n        [\n            (\"wrong_username_template\",\"valid_password\",\"isn't connected to an account.\"),\n            (\"valid_username\",\"wrong_password\",\"isn't connected to an account.\"),\n            (\"\", \"valid_password\",\"isn't connected to an account.\"),\n            (\"valid_username\",\"\",\"isn't connected to an account.\")\n    \n        ])\n    def test_invalid_login_and_verify_error_message(setup_login_page,validation, username, password, expected_error):\n        login_page = setup_login_page\n        #main_page = (\n        login_page.perform_login(username, password)\n    \n        #assert main_page is None, \"Login should have failed but it passed!\"\n>       validation.validate_failed_login(expected_error)\n\nautomation_project\\tests\\test_login.py:31: \n_ _ _ _ _ _ _ _ _ _ _ _ _ _ _ _ _ _ _ _ _ _ _ _ _ _ _ _ _ _ _ _ _ _ _ _ _ _ _ _\n\nself = <automation_project.helper.validation.AppValidation object at 0x00000226CF05CB90>\nexpected_error_message = \"isn't connected to an account.\"\n\n    def validate_failed_login(self, expected_error_message):\n        login_button = self.login_page.login_button\n        get_error_message = self.login_page.get_error_message(expected_error_message)\n    \n        try:\n            expect(login_button).to_be_visible(), \"login button was expected to be hidden, but it was visible\"\n            expect(self.page.get_by_role(\"navigation\")).to_be_visible()\n        except Exception as e:\n            log_message(self.logger,\"login button failed to be visible\", LogLevel.ERROR)\n            take_screenshot(self.page, \"login_button_visible\")\n>           raise AssertionError(\n                \"Expected login button to be visible after failed login\"\n            ) from e\nE           AssertionError: Expected login button to be visible after failed login\n\nautomation_project\\helper\\validation.py:34: AssertionError"}, "steps": [{"name": "login", "status": "passed", "attachments": [{"name": "(Log (INFO", "source": "d132f8b0-fe60-420f-b8ed-8dde22f7f8f0-attachment.txt", "type": "text/plain"}, {"name": "(Log (INFO", "source": "717ed36c-fe44-47eb-96a5-8eef6629eb67-attachment.txt", "type": "text/plain"}, {"name": "(Log (INFO", "source": "caf34ac2-4755-4bd6-aaaa-676f45f55ab6-attachment.txt", "type": "text/plain"}, {"name": "(Log (INFO", "source": "c3fc3794-0c1c-49f0-a41c-934d207ab8de-attachment.txt", "type": "text/plain"}, {"name": "(Log (ERROR", "source": "d000f852-5c83-4298-892f-c32159d3b8d6-attachment.txt", "type": "text/plain"}, {"name": "login_failed", "source": "15cceeef-db3f-47ef-b4c3-bb1fb08486bb-attachment.png", "type": "image/png"}], "parameters": [{"name": "username", "value": "''"}, {"name": "password", "value": "'valid_password'"}], "start": 1767045218270, "stop": 1767045219458}], "attachments": [{"name": "(Log (ERROR", "source": "65dc011d-5780-4c29-9520-4c81405ae2d2-attachment.txt", "type": "text/plain"}, {"name": "login_button_visible", "source": "e778a665-72d8-4880-bf0f-e419c5acff49-attachment.png", "type": "image/png"}, {"name": "log", "source": "912eeb93-1fa8-4831-b6d2-6c3c5815e5d4-attachment.txt", "type": "text/plain"}], "parameters": [{"name": "username", "value": "''"}, {"name": "password", "value": "'valid_password'"}, {"name": "expected_error", "value": "'isn't connected to an account.'"}], "start": 1767045218269, "stop": 1767045224625, "uuid": "3b665f24-023a-46a3-9796-50a6c2cf7e17", "historyId": "f0660a65ed72d3ce83d4b359b983f16d", "testCaseId": "1ee93ec838cf3eac607e9b64d9814413", "fullName": "automation_project.tests.test_login#test_invalid_login_and_verify_error_message", "labels": [{"name": "parentSuite", "value": "automation_project.tests"}, {"name": "suite", "value": "test_login"}, {"name": "host", "value": "DESKTOP-HT385RC"}, {"name": "thread", "value": "1412-MainThread"}, {"name": "framework", "value": "pytest"}, {"name": "language", "value": "cpython3"}, {"name": "package", "value": "automation_project.tests.test_login"}], "titlePath": ["automation_project", "tests", "test_login.py"]}