{"name": "test_successfully_login", "status": "failed", "statusDetails": {"message": "AssertionError: Login failed unexpectedly!\nassert None is not None", "trace": "setup_login_page = <automation_project.page_objects.login_page.LoginPage object at 0x0000021BD5F4FCB0>\nvalidation = <automation_project.helper.validation.AppValidation object at 0x0000021BD6228C20>\n\n    def test_successfully_login(setup_login_page,validation):\n        login_page = setup_login_page\n        main_page = login_page.perform_login(VALID_CREDENTIALS[\"email\"],VALID_CREDENTIALS[\"password\"])\n>       assert main_page is not None, \"Login failed unexpectedly!\"\nE       AssertionError: Login failed unexpectedly!\nE       assert None is not None\n\nautomation_project\\tests\\test_login.py:9: AssertionError"}, "steps": [{"name": "login", "status": "passed", "attachments": [{"name": "(Log (INFO", "source": "b2b3b520-aa34-486c-943f-f363595ea83a-attachment.txt", "type": "text/plain"}, {"name": "(Log (INFO", "source": "2adbcfcf-538d-49b8-9be9-2f596ea284b7-attachment.txt", "type": "text/plain"}, {"name": "(Log (INFO", "source": "ffb00844-9f69-4088-b52c-27d3db8228d7-attachment.txt", "type": "text/plain"}, {"name": "(Log (INFO", "source": "fae656f9-b0c6-4105-b690-151a535e539d-attachment.txt", "type": "text/plain"}, {"name": "(Log (ERROR", "source": "65117b5b-18bd-405b-b940-8742a10dddbf-attachment.txt", "type": "text/plain"}, {"name": "login_failed", "source": "c3ce4801-939c-469e-a2df-30a20b1d954a-attachment.png", "type": "image/png"}], "parameters": [{"name": "username", "value": "'invalidEmail@exampl.com'"}, {"name": "password", "value": "'password'"}], "start": 1766477120542, "stop": 1766477125918}], "attachments": [{"name": "log", "source": "fd011760-492b-49f6-b947-a829ae7c4de6-attachment.txt", "type": "text/plain"}], "start": 1766477120541, "stop": 1766477125919, "uuid": "69ad5ca9-a6fb-4475-b98c-a00047f227e8", "historyId": "5ac81c4322f6b4413bd8873b0934c299", "testCaseId": "5ac81c4322f6b4413bd8873b0934c299", "fullName": "automation_project.tests.test_login#test_successfully_login", "labels": [{"name": "parentSuite", "value": "automation_project.tests"}, {"name": "suite", "value": "test_login"}, {"name": "host", "value": "DESKTOP-HT385RC"}, {"name": "thread", "value": "10768-MainThread"}, {"name": "framework", "value": "pytest"}, {"name": "language", "value": "cpython3"}, {"name": "package", "value": "automation_project.tests.test_login"}], "titlePath": ["automation_project", "tests", "test_login.py"]}