{"name": "test_invalid_login_and_verify_error_message[valid_username--isn't connected to an account.]", "status": "failed", "statusDetails": {"message": "AssertionError: Expected login button to be visible after failed login", "trace": "self = <automation_project.helper.validation.AppValidation object at 0x000002A6582968B0>\nexpected_error_message = \"isn't connected to an account.\"\n\n    def validate_failed_login(self, expected_error_message):\n        login_button = self.login_page.login_button\n        get_error_message = self.login_page.get_error_message(expected_error_message)\n    \n        try:\n            expect(login_button).to_be_visible(), \"login button was expected to be hidden, but it was visible\"\n>           expect(get_error_message).to_be_visible(), \"expected error message mismatch\"\n            ^^^^^^^^^^^^^^^^^^^^^^^^^^^^^^^^^^^^^^^^^\nE           AssertionError: Locator expected to be visible\nE           Actual value: None\nE           SyntaxError: Failed to execute 'evaluate' on 'Document': The string '//div[contains(text(), 'isn't connected to an account.')]' is not a valid XPath expression.\nE               at Object.queryAll (<anonymous>:6091:25)\nE               at InjectedScript._queryEngineAll (<anonymous>:6789:49)\nE               at InjectedScript.querySelectorAll (<anonymous>:6776:30)\nE               at eval (eval at evaluate (:290:30), <anonymous>:2:42)\nE               at UtilityScript.evaluate (<anonymous>:292:16)\nE               at UtilityScript.<anonymous> (<anonymous>:1:44) \nE           Call log:\nE             - Expect \"to_be_visible\" with timeout 5000ms\nE             - waiting for locator(\"//div[contains(text(), 'isn't connected to an account.')]\")\n\nautomation_project\\helper\\validation.py:30: AssertionError\n\nThe above exception was the direct cause of the following exception:\n\nsetup_login_page = <automation_project.page_objects.login_page.LoginPage object at 0x000002A657E6B680>\nvalidation = <automation_project.helper.validation.AppValidation object at 0x000002A6582968B0>\nusername = 'valid_username', password = ''\nexpected_error = \"isn't connected to an account.\"\n\n    @pytest.mark.parametrize(\n        \"username, password, expected_error\",\n        [\n            (\"wrong_username_template\",\"valid_password\",\"isn't connected to an account.\"),\n            (\"valid_username\",\"wrong_password\",\"isn't connected to an account.\"),\n            (\"\", \"valid_password\",\"isn't connected to an account.\"),\n            (\"valid_username\",\"\",\"isn't connected to an account.\")\n    \n        ])\n    def test_invalid_login_and_verify_error_message(setup_login_page,validation, username, password, expected_error):\n        login_page = setup_login_page\n        #main_page = (\n        login_page.perform_login(username, password)\n    \n        #assert main_page is None, \"Login should have failed but it passed!\"\n>       validation.validate_failed_login(expected_error)\n\nautomation_project\\tests\\test_login.py:31: \n_ _ _ _ _ _ _ _ _ _ _ _ _ _ _ _ _ _ _ _ _ _ _ _ _ _ _ _ _ _ _ _ _ _ _ _ _ _ _ _\n\nself = <automation_project.helper.validation.AppValidation object at 0x000002A6582968B0>\nexpected_error_message = \"isn't connected to an account.\"\n\n    def validate_failed_login(self, expected_error_message):\n        login_button = self.login_page.login_button\n        get_error_message = self.login_page.get_error_message(expected_error_message)\n    \n        try:\n            expect(login_button).to_be_visible(), \"login button was expected to be hidden, but it was visible\"\n            expect(get_error_message).to_be_visible(), \"expected error message mismatch\"\n        except Exception as e:\n            log_message(self.logger,\"login button failed to be visible\", LogLevel.ERROR)\n            take_screenshot(self.page, \"login_button_visible\")\n>           raise AssertionError(\n                \"Expected login button to be visible after failed login\"\n            ) from e\nE           AssertionError: Expected login button to be visible after failed login\n\nautomation_project\\helper\\validation.py:34: AssertionError"}, "steps": [{"name": "login", "status": "passed", "attachments": [{"name": "(Log (INFO", "source": "07aaf88b-ef35-4af1-b3b5-37e422dfd22a-attachment.txt", "type": "text/plain"}, {"name": "(Log (INFO", "source": "26011489-21e7-4c2b-9739-a7e782f84013-attachment.txt", "type": "text/plain"}, {"name": "(Log (INFO", "source": "971a2784-ce95-41ee-997a-574f8bd6fd5f-attachment.txt", "type": "text/plain"}, {"name": "(Log (INFO", "source": "a7a01bea-7e9e-4afa-8504-16a41546c54c-attachment.txt", "type": "text/plain"}, {"name": "(Log (ERROR", "source": "736d7deb-1abc-44d2-91dc-cd87f10555a8-attachment.txt", "type": "text/plain"}, {"name": "login_failed", "source": "2de3a295-ca35-43f6-af94-70dae93da413-attachment.png", "type": "image/png"}], "parameters": [{"name": "username", "value": "'valid_username'"}, {"name": "password", "value": "''"}], "start": 1767046788460, "stop": 1767046792328}], "attachments": [{"name": "(Log (ERROR", "source": "9d6f44a0-4ab5-40b9-b4e7-97872c664fb2-attachment.txt", "type": "text/plain"}, {"name": "login_button_visible", "source": "b0f9410b-56ec-4b52-aa9d-234ac01f1610-attachment.png", "type": "image/png"}, {"name": "log", "source": "3c4d2d16-0767-47ec-8688-987e74e717d7-attachment.txt", "type": "text/plain"}], "parameters": [{"name": "username", "value": "'valid_username'"}, {"name": "password", "value": "''"}, {"name": "expected_error", "value": "'isn't connected to an account.'"}], "start": 1767046788460, "stop": 1767046792473, "uuid": "c2028e05-1659-4ee9-a98b-8fb81ad00f24", "historyId": "9701f7acd7c9de8e938e514dde3ac69b", "testCaseId": "1ee93ec838cf3eac607e9b64d9814413", "fullName": "automation_project.tests.test_login#test_invalid_login_and_verify_error_message", "labels": [{"name": "parentSuite", "value": "automation_project.tests"}, {"name": "suite", "value": "test_login"}, {"name": "host", "value": "DESKTOP-HT385RC"}, {"name": "thread", "value": "2952-MainThread"}, {"name": "framework", "value": "pytest"}, {"name": "language", "value": "cpython3"}, {"name": "package", "value": "automation_project.tests.test_login"}], "titlePath": ["automation_project", "tests", "test_login.py"]}