{"name": "test_invalid_login_and_verify_error_message[valid_username--isn't connected to an account.]", "status": "failed", "statusDetails": {"message": "AssertionError: Expected login button to be visible after failed login", "trace": "self = <automation_project.helper.validation.AppValidation object at 0x000001E37C9528B0>\nexpected_error_message = \"isn't connected to an account.\"\n\n    def validate_failed_login(self, expected_error_message):\n        login_button = self.login_page.login_button\n        get_error_message = self.login_page.get_error_message(expected_error_message)\n    \n        try:\n            expect(login_button).to_be_visible(), \"login button was expected to be hidden, but it was visible\"\n>           expect(self.page.get_by_role(\"navigation\")).to_be_visible()\nE           AssertionError: Locator expected to be visible\nE           Actual value: None\nE           Error: element(s) not found \nE           Call log:\nE             - Expect \"to_be_visible\" with timeout 5000ms\nE             - waiting for get_by_role(\"navigation\")\n\nautomation_project\\helper\\validation.py:30: AssertionError\n\nThe above exception was the direct cause of the following exception:\n\nsetup_login_page = <automation_project.page_objects.login_page.LoginPage object at 0x000001E37C51C9E0>\nvalidation = <automation_project.helper.validation.AppValidation object at 0x000001E37C9528B0>\nusername = 'valid_username', password = ''\nexpected_error = \"isn't connected to an account.\"\n\n    @pytest.mark.parametrize(\n        \"username, password, expected_error\",\n        [\n            (\"wrong_username_template\",\"valid_password\",\"isn't connected to an account.\"),\n            (\"valid_username\",\"wrong_password\",\"isn't connected to an account.\"),\n            (\"\", \"valid_password\",\"isn't connected to an account.\"),\n            (\"valid_username\",\"\",\"isn't connected to an account.\")\n    \n        ])\n    def test_invalid_login_and_verify_error_message(setup_login_page,validation, username, password, expected_error):\n        login_page = setup_login_page\n        #main_page = (\n        login_page.perform_login(username, password)\n    \n        #assert main_page is None, \"Login should have failed but it passed!\"\n>       validation.validate_failed_login(expected_error)\n\nautomation_project\\tests\\test_login.py:31: \n_ _ _ _ _ _ _ _ _ _ _ _ _ _ _ _ _ _ _ _ _ _ _ _ _ _ _ _ _ _ _ _ _ _ _ _ _ _ _ _\n\nself = <automation_project.helper.validation.AppValidation object at 0x000001E37C9528B0>\nexpected_error_message = \"isn't connected to an account.\"\n\n    def validate_failed_login(self, expected_error_message):\n        login_button = self.login_page.login_button\n        get_error_message = self.login_page.get_error_message(expected_error_message)\n    \n        try:\n            expect(login_button).to_be_visible(), \"login button was expected to be hidden, but it was visible\"\n            expect(self.page.get_by_role(\"navigation\")).to_be_visible()\n        except Exception as e:\n            log_message(self.logger,\"login button failed to be visible\", LogLevel.ERROR)\n            take_screenshot(self.page, \"login_button_visible\")\n>           raise AssertionError(\n                \"Expected login button to be visible after failed login\"\n            ) from e\nE           AssertionError: Expected login button to be visible after failed login\n\nautomation_project\\helper\\validation.py:34: AssertionError"}, "steps": [{"name": "login", "status": "passed", "attachments": [{"name": "(Log (INFO", "source": "ec51f467-e5bd-49f1-aa11-ef7733190d12-attachment.txt", "type": "text/plain"}, {"name": "(Log (INFO", "source": "5317b549-586e-4b74-bb9d-89cd1dcc6b84-attachment.txt", "type": "text/plain"}, {"name": "(Log (INFO", "source": "c1b911ba-fab7-4aa2-bb89-fa2eca9e6e53-attachment.txt", "type": "text/plain"}, {"name": "(Log (INFO", "source": "6507b01e-ba1a-4f45-a5ed-b90689613d51-attachment.txt", "type": "text/plain"}, {"name": "(Log (ERROR", "source": "5f7d1a97-8e82-4826-bb77-2d0ada632483-attachment.txt", "type": "text/plain"}, {"name": "login_failed", "source": "29059817-e0f2-4d03-98b7-f845a46d8be6-attachment.png", "type": "image/png"}], "parameters": [{"name": "username", "value": "'valid_username'"}, {"name": "password", "value": "''"}], "start": 1767046628765, "stop": 1767046630721}], "attachments": [{"name": "(Log (ERROR", "source": "ac1cb927-9bef-439d-9258-00025c3a12c5-attachment.txt", "type": "text/plain"}, {"name": "login_button_visible", "source": "492608be-78aa-4a88-a591-6ff1ea0f65b7-attachment.png", "type": "image/png"}, {"name": "log", "source": "b8d68c8c-82f0-4053-8675-4dea4e6cf0ef-attachment.txt", "type": "text/plain"}], "parameters": [{"name": "username", "value": "'valid_username'"}, {"name": "password", "value": "''"}, {"name": "expected_error", "value": "'isn't connected to an account.'"}], "start": 1767046628765, "stop": 1767046635906, "uuid": "0558fffe-364f-4a06-80d5-e8aa7a1c9455", "historyId": "9701f7acd7c9de8e938e514dde3ac69b", "testCaseId": "1ee93ec838cf3eac607e9b64d9814413", "fullName": "automation_project.tests.test_login#test_invalid_login_and_verify_error_message", "labels": [{"name": "parentSuite", "value": "automation_project.tests"}, {"name": "suite", "value": "test_login"}, {"name": "host", "value": "DESKTOP-HT385RC"}, {"name": "thread", "value": "6004-MainThread"}, {"name": "framework", "value": "pytest"}, {"name": "language", "value": "cpython3"}, {"name": "package", "value": "automation_project.tests.test_login"}], "titlePath": ["automation_project", "tests", "test_login.py"]}