{"name": "test_successfully_login", "status": "broken", "statusDetails": {"message": "Exception: Login failed, the login button still appears", "trace": "self = <automation_project.helper.validation.AppValidation object at 0x00000266F7B49160>\n\n    def validate_logged_in(self):\n        login_button = self.login_page.login_button\n        try:\n>           expect(login_button).to_be_hidden()\nE           AssertionError: Locator expected to be hidden\nE           Actual value: visible \nE           Call log:\nE             - Expect \"to_be_hidden\" with timeout 5000ms\nE             - waiting for locator(\"[name = 'login']\")\nE               9 Ã— locator resolved to <button value=\"1\" name=\"login\" tabindex=\"0\" type=\"submit\" id=\"loginbutton\" class=\"_42ft _4jy0 _52e0 _4jy6 _4jy1 selected _51sy\">Log in</button>\nE                 - unexpected value \"visible\"\n\nautomation_project\\helper\\validation.py:17: AssertionError\n\nThe above exception was the direct cause of the following exception:\n\nsetup_login_page = <automation_project.page_objects.login_page.LoginPage object at 0x00000266F7B482F0>\nvalidation = <automation_project.helper.validation.AppValidation object at 0x00000266F7B49160>\n\n    def test_successfully_login(setup_login_page,validation):\n        login_page = setup_login_page\n        login_page.perform_login(VALID_CREDENTIALS[\"email\"],VALID_CREDENTIALS[\"password\"])\n        #main_page =\n        #assert main_page is not None, \"Login failed unexpectedly!\"\n    \n>       validation.validate_logged_in()\n\nautomation_project\\tests\\test_login.py:12: \n_ _ _ _ _ _ _ _ _ _ _ _ _ _ _ _ _ _ _ _ _ _ _ _ _ _ _ _ _ _ _ _ _ _ _ _ _ _ _ _\n\nself = <automation_project.helper.validation.AppValidation object at 0x00000266F7B49160>\n\n    def validate_logged_in(self):\n        login_button = self.login_page.login_button\n        try:\n            expect(login_button).to_be_hidden()\n        except Exception as e:\n            log_message(self.logger,\"login failed\", LogLevel.ERROR)\n            take_screenshot(self.page, \"login failed\")\n>           raise Exception(\"Login failed, the login button still appears\") from e\nE           Exception: Login failed, the login button still appears\n\nautomation_project\\helper\\validation.py:21: Exception"}, "steps": [{"name": "login", "status": "passed", "attachments": [{"name": "(Log (INFO", "source": "aa4512d2-1872-48f1-a9d9-bc86d4a0928a-attachment.txt", "type": "text/plain"}, {"name": "(Log (INFO", "source": "5bae444c-4867-4840-a3fd-84c839c74ef3-attachment.txt", "type": "text/plain"}, {"name": "(Log (INFO", "source": "b74dc3b6-fdba-4020-889a-e4d00d29c6fe-attachment.txt", "type": "text/plain"}, {"name": "(Log (INFO", "source": "d01d9cf2-8292-491c-951a-4be65b8bae6a-attachment.txt", "type": "text/plain"}, {"name": "(Log (ERROR", "source": "0c59ab44-50f0-4eee-824f-464355077316-attachment.txt", "type": "text/plain"}, {"name": "login_failed", "source": "ee1efd76-7afc-451e-b4f7-d484cf13107f-attachment.png", "type": "image/png"}], "parameters": [{"name": "username", "value": "'invalid_email'"}, {"name": "password", "value": "'password'"}], "start": 1766816017930, "stop": 1766816022835}], "attachments": [{"name": "(Log (ERROR", "source": "339e3ee1-5cd6-4d67-9bf0-16f640937f6a-attachment.txt", "type": "text/plain"}, {"name": "log", "source": "170552e9-436a-4ba4-8dcd-0616bdb47104-attachment.txt", "type": "text/plain"}], "start": 1766816017930, "stop": 1766816027869, "uuid": "65c65f44-3734-4784-a22e-3fdfa87c23c3", "historyId": "5ac81c4322f6b4413bd8873b0934c299", "testCaseId": "5ac81c4322f6b4413bd8873b0934c299", "fullName": "automation_project.tests.test_login#test_successfully_login", "labels": [{"name": "parentSuite", "value": "automation_project.tests"}, {"name": "suite", "value": "test_login"}, {"name": "host", "value": "DESKTOP-HT385RC"}, {"name": "thread", "value": "6040-MainThread"}, {"name": "framework", "value": "pytest"}, {"name": "language", "value": "cpython3"}, {"name": "package", "value": "automation_project.tests.test_login"}], "titlePath": ["automation_project", "tests", "test_login.py"]}