{"name": "test_successfully_login", "status": "failed", "statusDetails": {"message": "AssertionError: Login failed", "trace": "self = <automation_project.helper.validation.AppValidation object at 0x0000025C35A01010>\n\n    def validate_logged_in(self):\n        login_button = self.login_page.login_button\n        try:\n>           expect(login_button).not_to_be_visible(), \"failed to login\"\n            ^^^^^^^^^^^^^^^^^^^^^^^^^^^^^^^^^^^^^^^^\nE           AssertionError: Locator expected not to be visible\nE           Actual value: visible \nE           Call log:\nE             - Expect \"to_be_visible\" with timeout 5000ms\nE             - waiting for locator(\"[name = 'login']\")\nE               8 Ã— locator resolved to <button value=\"1\" name=\"login\" tabindex=\"0\" type=\"submit\" id=\"loginbutton\" class=\"_42ft _4jy0 _52e0 _4jy6 _4jy1 selected _51sy\">Log in</button>\nE                 - unexpected value \"visible\"\n\nautomation_project\\helper\\validation.py:17: AssertionError\n\nThe above exception was the direct cause of the following exception:\n\nsetup_login_page = <automation_project.page_objects.login_page.LoginPage object at 0x0000025C35A001A0>\nvalidation = <automation_project.helper.validation.AppValidation object at 0x0000025C35A01010>\n\n    def test_successfully_login(setup_login_page, validation):\n        login_page = setup_login_page\n        #main_page = (\n        login_page.perform_login(VALID_CREDENTIALS[\"email\"],VALID_CREDENTIALS[\"password\"])\n        #assert main_page is not None, \"Login failed unexpectedly!\"\n>       validation.validate_logged_in()\n\nautomation_project\\tests\\test_login.py:11: \n_ _ _ _ _ _ _ _ _ _ _ _ _ _ _ _ _ _ _ _ _ _ _ _ _ _ _ _ _ _ _ _ _ _ _ _ _ _ _ _\n\nself = <automation_project.helper.validation.AppValidation object at 0x0000025C35A01010>\n\n    def validate_logged_in(self):\n        login_button = self.login_page.login_button\n        try:\n            expect(login_button).not_to_be_visible(), \"failed to login\"\n        except Exception as e:\n            log_message(self.logger,\"login failed\", LogLevel.ERROR)\n            take_screenshot(self.page, \"login failed\")\n>           raise AssertionError(\"Login failed\") from e\nE           AssertionError: Login failed\n\nautomation_project\\helper\\validation.py:21: AssertionError"}, "steps": [{"name": "login", "status": "passed", "attachments": [{"name": "(Log (INFO", "source": "cb440c2b-7513-441a-ac98-1b0814fcbc90-attachment.txt", "type": "text/plain"}, {"name": "(Log (INFO", "source": "3a71b96d-a914-4563-bc0b-e4745b6c552e-attachment.txt", "type": "text/plain"}, {"name": "(Log (INFO", "source": "b0fe12e9-b489-45d8-aeef-30f49e3b86a6-attachment.txt", "type": "text/plain"}, {"name": "(Log (INFO", "source": "6545ab15-812c-4531-9ba1-8dc72919c05c-attachment.txt", "type": "text/plain"}, {"name": "(Log (ERROR", "source": "674578db-6199-4e14-bd86-79a19a846e79-attachment.txt", "type": "text/plain"}, {"name": "login_failed", "source": "96f81017-8594-43f3-98d5-bbe4c5e23f11-attachment.png", "type": "image/png"}], "parameters": [{"name": "username", "value": "'invalid_email'"}, {"name": "password", "value": "'password'"}], "start": 1767046451021, "stop": 1767046453314}], "attachments": [{"name": "(Log (ERROR", "source": "95cb5243-8b4c-4824-9386-261f11216a24-attachment.txt", "type": "text/plain"}, {"name": "login failed", "source": "01e97331-723b-4ac3-94e8-9efa3d5e7a8e-attachment.png", "type": "image/png"}, {"name": "log", "source": "0001648d-f07c-4aee-a9aa-aa8d9e3c9a72-attachment.txt", "type": "text/plain"}], "start": 1767046451020, "stop": 1767046458470, "uuid": "936b7933-9f7c-454f-95f8-92a8dd5715ce", "historyId": "5ac81c4322f6b4413bd8873b0934c299", "testCaseId": "5ac81c4322f6b4413bd8873b0934c299", "fullName": "automation_project.tests.test_login#test_successfully_login", "labels": [{"name": "parentSuite", "value": "automation_project.tests"}, {"name": "suite", "value": "test_login"}, {"name": "host", "value": "DESKTOP-HT385RC"}, {"name": "thread", "value": "11032-MainThread"}, {"name": "framework", "value": "pytest"}, {"name": "language", "value": "cpython3"}, {"name": "package", "value": "automation_project.tests.test_login"}], "titlePath": ["automation_project", "tests", "test_login.py"]}