{"name": "test_invalid_login_and_verify_error_message[wrong_username_template-valid_password-isn't connected to an account.]", "status": "failed", "statusDetails": {"message": "AssertionError: Expected login button to be visible after failed login", "trace": "self = <automation_project.helper.validation.AppValidation object at 0x000001E37C7AD010>\nexpected_error_message = \"isn't connected to an account.\"\n\n    def validate_failed_login(self, expected_error_message):\n        login_button = self.login_page.login_button\n        get_error_message = self.login_page.get_error_message(expected_error_message)\n    \n        try:\n            expect(login_button).to_be_visible(), \"login button was expected to be hidden, but it was visible\"\n>           expect(self.page.get_by_role(\"navigation\")).to_be_visible()\nE           AssertionError: Locator expected to be visible\nE           Actual value: None\nE           Error: element(s) not found \nE           Call log:\nE             - Expect \"to_be_visible\" with timeout 5000ms\nE             - waiting for get_by_role(\"navigation\")\n\nautomation_project\\helper\\validation.py:30: AssertionError\n\nThe above exception was the direct cause of the following exception:\n\nsetup_login_page = <automation_project.page_objects.login_page.LoginPage object at 0x000001E37C7AC1A0>\nvalidation = <automation_project.helper.validation.AppValidation object at 0x000001E37C7AD010>\nusername = 'wrong_username_template', password = 'valid_password'\nexpected_error = \"isn't connected to an account.\"\n\n    @pytest.mark.parametrize(\n        \"username, password, expected_error\",\n        [\n            (\"wrong_username_template\",\"valid_password\",\"isn't connected to an account.\"),\n            (\"valid_username\",\"wrong_password\",\"isn't connected to an account.\"),\n            (\"\", \"valid_password\",\"isn't connected to an account.\"),\n            (\"valid_username\",\"\",\"isn't connected to an account.\")\n    \n        ])\n    def test_invalid_login_and_verify_error_message(setup_login_page,validation, username, password, expected_error):\n        login_page = setup_login_page\n        #main_page = (\n        login_page.perform_login(username, password)\n    \n        #assert main_page is None, \"Login should have failed but it passed!\"\n>       validation.validate_failed_login(expected_error)\n\nautomation_project\\tests\\test_login.py:31: \n_ _ _ _ _ _ _ _ _ _ _ _ _ _ _ _ _ _ _ _ _ _ _ _ _ _ _ _ _ _ _ _ _ _ _ _ _ _ _ _\n\nself = <automation_project.helper.validation.AppValidation object at 0x000001E37C7AD010>\nexpected_error_message = \"isn't connected to an account.\"\n\n    def validate_failed_login(self, expected_error_message):\n        login_button = self.login_page.login_button\n        get_error_message = self.login_page.get_error_message(expected_error_message)\n    \n        try:\n            expect(login_button).to_be_visible(), \"login button was expected to be hidden, but it was visible\"\n            expect(self.page.get_by_role(\"navigation\")).to_be_visible()\n        except Exception as e:\n            log_message(self.logger,\"login button failed to be visible\", LogLevel.ERROR)\n            take_screenshot(self.page, \"login_button_visible\")\n>           raise AssertionError(\n                \"Expected login button to be visible after failed login\"\n            ) from e\nE           AssertionError: Expected login button to be visible after failed login\n\nautomation_project\\helper\\validation.py:34: AssertionError"}, "steps": [{"name": "login", "status": "passed", "attachments": [{"name": "(Log (INFO", "source": "00921a57-ffb2-48c5-a8af-184dcba75ffa-attachment.txt", "type": "text/plain"}, {"name": "(Log (INFO", "source": "abd251a4-e5f9-482c-9a50-eada11fc81e5-attachment.txt", "type": "text/plain"}, {"name": "(Log (INFO", "source": "4a65e331-8ccf-4257-971c-d504a03c5c0e-attachment.txt", "type": "text/plain"}, {"name": "(Log (INFO", "source": "6bdef926-ff46-4acd-8214-c358bc58c1ac-attachment.txt", "type": "text/plain"}, {"name": "(Log (ERROR", "source": "d9bb4fc4-c57c-485d-8336-53e4624ca777-attachment.txt", "type": "text/plain"}, {"name": "login_failed", "source": "ec293960-864e-4fad-af27-a8ef2b759705-attachment.png", "type": "image/png"}], "parameters": [{"name": "username", "value": "'wrong_username_template'"}, {"name": "password", "value": "'valid_password'"}], "start": 1767046576951, "stop": 1767046578221}], "attachments": [{"name": "(Log (ERROR", "source": "52728b57-3461-4c67-8b16-d9723747893f-attachment.txt", "type": "text/plain"}, {"name": "login_button_visible", "source": "ff2b357b-ad21-4913-9cbc-d6bd8ed64787-attachment.png", "type": "image/png"}, {"name": "log", "source": "798c2147-58af-44ff-b11d-6b4dd7be6181-attachment.txt", "type": "text/plain"}], "parameters": [{"name": "username", "value": "'wrong_username_template'"}, {"name": "password", "value": "'valid_password'"}, {"name": "expected_error", "value": "'isn't connected to an account.'"}], "start": 1767046576950, "stop": 1767046583390, "uuid": "8e91159b-0403-4e7f-ac21-7ed7dc5ddb3a", "historyId": "720f1a93dbc34516b781a14b41579bb2", "testCaseId": "1ee93ec838cf3eac607e9b64d9814413", "fullName": "automation_project.tests.test_login#test_invalid_login_and_verify_error_message", "labels": [{"name": "parentSuite", "value": "automation_project.tests"}, {"name": "suite", "value": "test_login"}, {"name": "host", "value": "DESKTOP-HT385RC"}, {"name": "thread", "value": "6004-MainThread"}, {"name": "framework", "value": "pytest"}, {"name": "language", "value": "cpython3"}, {"name": "package", "value": "automation_project.tests.test_login"}], "titlePath": ["automation_project", "tests", "test_login.py"]}