{"name": "test_invalid_login_and_verify_error_message[-valid_password-isn't connected to an account.]", "status": "failed", "statusDetails": {"message": "AssertionError: Expected login button to be visible after failed login", "trace": "self = <automation_project.helper.validation.AppValidation object at 0x000001CA0469CE10>\nexpected_error_message = \"isn't connected to an account.\"\n\n    def validate_failed_login(self, expected_error_message):\n        login_button = self.login_page.login_button\n        error_message = self.login_page.get_error_message(expected_error_message)\n    \n        try:\n            expect(login_button).to_be_visible(), \"login button was expected to be hidden, but it was visible\"\n>           expect(error_message).to_be_visible(), \"login button was expected to be hidden, but it was visible\"\n            ^^^^^^^^^^^^^^^^^^^^^^^^^^^^^^^^^^^^^\nE           AssertionError: Locator expected to be visible\nE           Actual value: None\nE           SyntaxError: Failed to execute 'evaluate' on 'Document': The string '//div[contains(text(), 'isn't connected to an account.')]' is not a valid XPath expression.\nE               at Object.queryAll (<anonymous>:6091:25)\nE               at InjectedScript._queryEngineAll (<anonymous>:6789:49)\nE               at InjectedScript.querySelectorAll (<anonymous>:6776:30)\nE               at eval (eval at evaluate (:290:30), <anonymous>:2:42)\nE               at UtilityScript.evaluate (<anonymous>:292:16)\nE               at UtilityScript.<anonymous> (<anonymous>:1:44) \nE           Call log:\nE             - Expect \"to_be_visible\" with timeout 5000ms\nE             - waiting for locator(\"//div[contains(text(), 'isn't connected to an account.')]\")\n\nautomation_project\\helper\\validation.py:30: AssertionError\n\nThe above exception was the direct cause of the following exception:\n\nsetup_login_page = <automation_project.page_objects.login_page.LoginPage object at 0x000001CA046942B0>\nvalidation = <automation_project.helper.validation.AppValidation object at 0x000001CA0469CE10>\nusername = '', password = 'valid_password'\nerror_message = \"isn't connected to an account.\"\n\n    @pytest.mark.parametrize(\n        \"username, password, error_message\",\n        [\n            (\"wrong_username_template\",\"valid_password\",\"isn't connected to an account.\"),\n            (\"valid_username\",\"wrong_password\",\"isn't connected to an account.\"),\n            (\"\", \"valid_password\",\"isn't connected to an account.\"),\n            (\"valid_username\",\"\",\"isn't connected to an account.\")\n    \n        ])\n    def test_invalid_login_and_verify_error_message(setup_login_page,validation, username, password, error_message):\n        login_page = setup_login_page\n        #main_page = (\n        login_page.perform_login(username, password)\n    \n        #assert main_page is None, \"Login should have failed but it passed!\"\n>       validation.validate_failed_login(error_message)\n\nautomation_project\\tests\\test_login.py:31: \n_ _ _ _ _ _ _ _ _ _ _ _ _ _ _ _ _ _ _ _ _ _ _ _ _ _ _ _ _ _ _ _ _ _ _ _ _ _ _ _\n\nself = <automation_project.helper.validation.AppValidation object at 0x000001CA0469CE10>\nexpected_error_message = \"isn't connected to an account.\"\n\n    def validate_failed_login(self, expected_error_message):\n        login_button = self.login_page.login_button\n        error_message = self.login_page.get_error_message(expected_error_message)\n    \n        try:\n            expect(login_button).to_be_visible(), \"login button was expected to be hidden, but it was visible\"\n            expect(error_message).to_be_visible(), \"login button was expected to be hidden, but it was visible\"\n        except Exception as e:\n            log_message(self.logger,\"login button failed to be visible\", LogLevel.ERROR)\n            take_screenshot(self.page, \"login_button_visible\")\n>           raise AssertionError(\n                \"Expected login button to be visible after failed login\"\n            ) from e\nE           AssertionError: Expected login button to be visible after failed login\n\nautomation_project\\helper\\validation.py:34: AssertionError"}, "steps": [{"name": "login", "status": "passed", "attachments": [{"name": "(Log (INFO", "source": "bcb5e93e-b589-46e0-ab3c-d8a6b36851a1-attachment.txt", "type": "text/plain"}, {"name": "(Log (INFO", "source": "cf95dcfc-4779-412e-9eec-cd4b6a04c7f2-attachment.txt", "type": "text/plain"}, {"name": "(Log (INFO", "source": "513c76a8-ade3-4e00-9c1a-0da114e6ab49-attachment.txt", "type": "text/plain"}, {"name": "(Log (INFO", "source": "dd549a59-9079-4eec-8e05-65bc7601faea-attachment.txt", "type": "text/plain"}, {"name": "(Log (ERROR", "source": "4155e612-6814-4393-a7ac-9f98e4c874ac-attachment.txt", "type": "text/plain"}, {"name": "login_failed", "source": "d8da1899-305a-426e-9d83-6fcce69c37df-attachment.png", "type": "image/png"}], "parameters": [{"name": "username", "value": "''"}, {"name": "password", "value": "'valid_password'"}], "start": 1767090133824, "stop": 1767090134935}], "attachments": [{"name": "(Log (ERROR", "source": "63d6956e-17d8-4eda-882f-1a743bad9053-attachment.txt", "type": "text/plain"}, {"name": "login_button_visible", "source": "7d29aec8-89b3-4449-9046-77de15f1766b-attachment.png", "type": "image/png"}, {"name": "log", "source": "01a45cd6-76bd-4a95-93a3-92ff79ed0228-attachment.txt", "type": "text/plain"}], "parameters": [{"name": "username", "value": "''"}, {"name": "password", "value": "'valid_password'"}, {"name": "error_message", "value": "'isn't connected to an account.'"}], "start": 1767090133824, "stop": 1767090135101, "uuid": "90b0f5b1-65bc-468a-9b3d-d8488a63b6a6", "historyId": "f0660a65ed72d3ce83d4b359b983f16d", "testCaseId": "1ee93ec838cf3eac607e9b64d9814413", "fullName": "automation_project.tests.test_login#test_invalid_login_and_verify_error_message", "labels": [{"name": "parentSuite", "value": "automation_project.tests"}, {"name": "suite", "value": "test_login"}, {"name": "host", "value": "DESKTOP-HT385RC"}, {"name": "thread", "value": "8108-MainThread"}, {"name": "framework", "value": "pytest"}, {"name": "language", "value": "cpython3"}, {"name": "package", "value": "automation_project.tests.test_login"}], "titlePath": ["automation_project", "tests", "test_login.py"]}