{"name": "test_successfully_login", "status": "failed", "statusDetails": {"message": "AssertionError: Login failed unexpectedly!\nassert None is not None", "trace": "setup_login_page = <automation_project.page_objects.login_page.LoginPage object at 0x000002B6FAA70050>\nvalidation = <automation_project.helper.validation.AppValidation object at 0x000002B6FAA70EC0>\n\n    def test_successfully_login(setup_login_page, validation):\n        login_page = setup_login_page\n        main_page = login_page.perform_login(VALID_CREDENTIALS[\"email\"],VALID_CREDENTIALS[\"password\"])\n>       assert main_page is not None, \"Login failed unexpectedly!\"\nE       AssertionError: Login failed unexpectedly!\nE       assert None is not None\n\nautomation_project\\tests\\test_login.py:9: AssertionError"}, "steps": [{"name": "login", "status": "passed", "attachments": [{"name": "(Log (INFO", "source": "fa4eabeb-11e7-44b6-8b9f-47250bd9fbba-attachment.txt", "type": "text/plain"}, {"name": "(Log (INFO", "source": "fcbea202-0ad0-4a87-ad8f-8b50464dd808-attachment.txt", "type": "text/plain"}, {"name": "(Log (INFO", "source": "4a662745-ad6b-4a15-bbd5-563be61a2df5-attachment.txt", "type": "text/plain"}, {"name": "(Log (INFO", "source": "fe7c9ff1-162e-4560-acd5-6da1d12d9cae-attachment.txt", "type": "text/plain"}, {"name": "(Log (ERROR", "source": "5bb63aa0-1c7e-4040-8d3c-79a64f6e3f28-attachment.txt", "type": "text/plain"}, {"name": "login_failed", "source": "87c2eab4-6d92-4c50-ae2d-e9126e46d0f2-attachment.png", "type": "image/png"}], "parameters": [{"name": "username", "value": "'invalid_email'"}, {"name": "password", "value": "'password'"}], "start": 1766998583801, "stop": 1766998591883}], "attachments": [{"name": "log", "source": "7e021bbc-448d-445a-9737-148c95de9153-attachment.txt", "type": "text/plain"}], "start": 1766998583801, "stop": 1766998591884, "uuid": "2822db23-780a-4ccd-9f27-05aa9d5b1f4e", "historyId": "5ac81c4322f6b4413bd8873b0934c299", "testCaseId": "5ac81c4322f6b4413bd8873b0934c299", "fullName": "automation_project.tests.test_login#test_successfully_login", "labels": [{"name": "parentSuite", "value": "automation_project.tests"}, {"name": "suite", "value": "test_login"}, {"name": "host", "value": "DESKTOP-HT385RC"}, {"name": "thread", "value": "10940-MainThread"}, {"name": "framework", "value": "pytest"}, {"name": "language", "value": "cpython3"}, {"name": "package", "value": "automation_project.tests.test_login"}], "titlePath": ["automation_project", "tests", "test_login.py"]}