{"name": "test_successfully_login", "status": "broken", "statusDetails": {"message": "Exception: Login failed, the login button still appears", "trace": "self = <automation_project.helper.validation.AppValidation object at 0x0000020FB4CFBA10>\n\n    def validate_logged_in(self):\n        login_button = self.login_page.login_button\n        try:\n>           expect(login_button).to_be_hidden()\nE           AssertionError: Locator expected to be hidden\nE           Actual value: visible \nE           Call log:\nE             - Expect \"to_be_hidden\" with timeout 5000ms\nE             - waiting for locator(\"[name = 'login']\")\nE               9 Ã— locator resolved to <button value=\"1\" name=\"login\" tabindex=\"0\" type=\"submit\" id=\"loginbutton\" class=\"_42ft _4jy0 _52e0 _4jy6 _4jy1 selected _51sy\">Log in</button>\nE                 - unexpected value \"visible\"\n\nautomation_project\\helper\\validation.py:17: AssertionError\n\nThe above exception was the direct cause of the following exception:\n\nsetup_login_page = <automation_project.page_objects.login_page.LoginPage object at 0x0000020FB4CFABA0>\nvalidation = <automation_project.helper.validation.AppValidation object at 0x0000020FB4CFBA10>\n\n    def test_successfully_login(setup_login_page,validation):\n        login_page = setup_login_page\n        main_page = login_page.perform_login(VALID_CREDENTIALS[\"email\"],VALID_CREDENTIALS[\"password\"])\n>       validation.validate_logged_in()\n\nautomation_project\\tests\\test_login.py:9: \n_ _ _ _ _ _ _ _ _ _ _ _ _ _ _ _ _ _ _ _ _ _ _ _ _ _ _ _ _ _ _ _ _ _ _ _ _ _ _ _\n\nself = <automation_project.helper.validation.AppValidation object at 0x0000020FB4CFBA10>\n\n    def validate_logged_in(self):\n        login_button = self.login_page.login_button\n        try:\n            expect(login_button).to_be_hidden()\n        except Exception as e:\n            log_message(self.logger,\"login failed\", LogLevel.ERROR)\n            take_screenshot(self.page, \"login failed\")\n>           raise Exception(\"Login failed, the login button still appears\") from e\nE           Exception: Login failed, the login button still appears\n\nautomation_project\\helper\\validation.py:21: Exception"}, "steps": [{"name": "login", "status": "passed", "attachments": [{"name": "(Log (INFO", "source": "97d8c9c1-a13a-42d5-86ce-5e2b48a0dd64-attachment.txt", "type": "text/plain"}, {"name": "(Log (INFO", "source": "682dff42-d3e7-474d-9847-e56b106b4d24-attachment.txt", "type": "text/plain"}, {"name": "(Log (INFO", "source": "9d6743a6-562a-41ca-b0ae-ab6c23807ce2-attachment.txt", "type": "text/plain"}, {"name": "(Log (INFO", "source": "8f1e3f5d-650e-402f-a790-57d62b2cd0fa-attachment.txt", "type": "text/plain"}, {"name": "(Log (ERROR", "source": "78b0938f-bac7-4351-ad54-00e5f0a54f87-attachment.txt", "type": "text/plain"}, {"name": "login_failed", "source": "c5acece9-4c19-4d51-a0cb-077a03d1d93c-attachment.png", "type": "image/png"}], "parameters": [{"name": "username", "value": "'invalid_email'"}, {"name": "password", "value": "'password'"}], "start": 1766947032061, "stop": 1766947036261}], "attachments": [{"name": "(Log (ERROR", "source": "43f9c89c-f00c-4e6a-99e0-a7f56caabb36-attachment.txt", "type": "text/plain"}, {"name": "log", "source": "8efb3cea-3a3a-43d3-a498-2e3f39d5f091-attachment.txt", "type": "text/plain"}], "start": 1766947032056, "stop": 1766947041317, "uuid": "59f29bc8-ca26-4c56-a0fc-be2eac652465", "historyId": "5ac81c4322f6b4413bd8873b0934c299", "testCaseId": "5ac81c4322f6b4413bd8873b0934c299", "fullName": "automation_project.tests.test_login#test_successfully_login", "labels": [{"name": "parentSuite", "value": "automation_project.tests"}, {"name": "suite", "value": "test_login"}, {"name": "host", "value": "DESKTOP-HT385RC"}, {"name": "thread", "value": "14068-MainThread"}, {"name": "framework", "value": "pytest"}, {"name": "language", "value": "cpython3"}, {"name": "package", "value": "automation_project.tests.test_login"}], "titlePath": ["automation_project", "tests", "test_login.py"]}