{"name": "test_invalid_login_and_verify_error_message[-valid_password-isn't connected to an account.]", "status": "failed", "statusDetails": {"message": "AssertionError: Login should have failed but it passed!\nassert <automation_project.page_objects.main_page.MainPage object at 0x0000020FB513E8B0> is None", "trace": "setup_login_page = <automation_project.page_objects.login_page.LoginPage object at 0x0000020FB5128380>\nvalidation = <automation_project.helper.validation.AppValidation object at 0x0000020FB513DF30>\nusername = '', password = 'valid_password'\nexpected_error = \"isn't connected to an account.\"\n\n    @pytest.mark.parametrize(\n        \"username, password, expected_error\",\n        [\n            (\"wrong_username_template\",\"valid_password\",\"isn't connected to an account.\"),\n            (\"valid_username\",\"wrong_password\",\"isn't connected to an account.\"),\n            (\"\", \"valid_password\",\"isn't connected to an account.\"),\n            (\"valid_username\",\"\",\"isn't connected to an account.\")\n    \n        ])\n    def test_invalid_login_and_verify_error_message(setup_login_page,validation, username, password, expected_error):\n        login_page = setup_login_page\n        main_page = login_page.perform_login(username, password)\n    \n>       assert main_page is None, \"Login should have failed but it passed!\"\nE       AssertionError: Login should have failed but it passed!\nE       assert <automation_project.page_objects.main_page.MainPage object at 0x0000020FB513E8B0> is None\n\nautomation_project\\tests\\test_login.py:29: AssertionError"}, "steps": [{"name": "login", "status": "passed", "attachments": [{"name": "(Log (INFO", "source": "725e0778-fe50-4df7-bf45-e05bb2d494ed-attachment.txt", "type": "text/plain"}, {"name": "(Log (INFO", "source": "6a4141f7-0eab-43cc-b725-ca0a033a46d7-attachment.txt", "type": "text/plain"}, {"name": "(Log (INFO", "source": "dc4c6d8f-db6a-4681-b5ea-1cace3595c41-attachment.txt", "type": "text/plain"}, {"name": "(Log (INFO", "source": "a3d1878d-cc1d-4bc8-b842-212968f5385e-attachment.txt", "type": "text/plain"}], "parameters": [{"name": "username", "value": "''"}, {"name": "password", "value": "'valid_password'"}], "start": 1766947062925, "stop": 1766947064245}], "attachments": [{"name": "log", "source": "c465c56f-b5f1-49d7-838d-7ba9e6183108-attachment.txt", "type": "text/plain"}], "parameters": [{"name": "username", "value": "''"}, {"name": "password", "value": "'valid_password'"}, {"name": "expected_error", "value": "'isn't connected to an account.'"}], "start": 1766947062922, "stop": 1766947064255, "uuid": "a386f4f5-5caf-4255-bfae-28d481038bbb", "historyId": "f0660a65ed72d3ce83d4b359b983f16d", "testCaseId": "1ee93ec838cf3eac607e9b64d9814413", "fullName": "automation_project.tests.test_login#test_invalid_login_and_verify_error_message", "labels": [{"name": "parentSuite", "value": "automation_project.tests"}, {"name": "suite", "value": "test_login"}, {"name": "host", "value": "DESKTOP-HT385RC"}, {"name": "thread", "value": "14068-MainThread"}, {"name": "framework", "value": "pytest"}, {"name": "language", "value": "cpython3"}, {"name": "package", "value": "automation_project.tests.test_login"}], "titlePath": ["automation_project", "tests", "test_login.py"]}