{"name": "test_successfully_login", "status": "failed", "statusDetails": {"message": "AssertionError: Login failed", "trace": "self = <automation_project.helper.validation.AppValidation object at 0x0000020B9A34CEC0>\n\n    def validate_logged_in(self):\n        login_button = self.login_page.login_button\n        try:\n>           expect(login_button).not_to_be_visible(), \"failed to login\"\n            ^^^^^^^^^^^^^^^^^^^^^^^^^^^^^^^^^^^^^^^^\nE           AssertionError: Locator expected not to be visible\nE           Actual value: visible \nE           Call log:\nE             - Expect \"to_be_visible\" with timeout 5000ms\nE             - waiting for locator(\"[name = 'login']\")\nE               9 Ã— locator resolved to <button value=\"1\" name=\"login\" tabindex=\"0\" type=\"submit\" id=\"loginbutton\" class=\"_42ft _4jy0 _52e0 _4jy6 _4jy1 selected _51sy\">Log in</button>\nE                 - unexpected value \"visible\"\n\nautomation_project\\helper\\validation.py:17: AssertionError\n\nThe above exception was the direct cause of the following exception:\n\nsetup_login_page = <automation_project.page_objects.login_page.LoginPage object at 0x0000020B9A06FCB0>\nvalidation = <automation_project.helper.validation.AppValidation object at 0x0000020B9A34CEC0>\n\n    def test_successfully_login(setup_login_page, validation):\n        login_page = setup_login_page\n        #main_page = (\n        login_page.perform_login(VALID_CREDENTIALS[\"email\"],VALID_CREDENTIALS[\"password\"])\n        #assert main_page is not None, \"Login failed unexpectedly!\"\n>       validation.validate_logged_in()\n\nautomation_project\\tests\\test_login.py:11: \n_ _ _ _ _ _ _ _ _ _ _ _ _ _ _ _ _ _ _ _ _ _ _ _ _ _ _ _ _ _ _ _ _ _ _ _ _ _ _ _ _ _ _ _ _ _ _ _ _ _ _ _ _ _ _ _ _ _ _ _ _ _ _ _ _ _ _ _ _ _ _ _ _ _ _ _ _ _ _ _ _ _ _ _ _ _ _ _ _ _ _ _ _ \n\nself = <automation_project.helper.validation.AppValidation object at 0x0000020B9A34CEC0>\n\n    def validate_logged_in(self):\n        login_button = self.login_page.login_button\n        try:\n            expect(login_button).not_to_be_visible(), \"failed to login\"\n        except Exception as e:\n            log_message(self.logger,\"login failed\", LogLevel.ERROR)\n            take_screenshot(self.page, \"login failed\")\n>           raise AssertionError(\"Login failed\") from e\nE           AssertionError: Login failed\n\nautomation_project\\helper\\validation.py:21: AssertionError"}, "steps": [{"name": "login", "status": "passed", "attachments": [{"name": "(Log (INFO", "source": "d7e3880f-24a8-4736-9207-738bc934aeec-attachment.txt", "type": "text/plain"}, {"name": "(Log (INFO", "source": "ca2238f1-f138-4ff7-b75d-6dc543f17337-attachment.txt", "type": "text/plain"}, {"name": "(Log (INFO", "source": "a8fea5dc-b816-4f20-a895-0a0aaa743a07-attachment.txt", "type": "text/plain"}, {"name": "(Log (INFO", "source": "f0970ad1-548c-453d-a7df-ca5b21c92e4f-attachment.txt", "type": "text/plain"}, {"name": "(Log (ERROR", "source": "e2006f2a-c151-4180-98fa-cdfeed0b080d-attachment.txt", "type": "text/plain"}, {"name": "login_failed", "source": "afa8e2c5-872c-49a7-8c7f-791595c3202b-attachment.png", "type": "image/png"}], "parameters": [{"name": "username", "value": "'invalid_email'"}, {"name": "password", "value": "'password'"}], "start": 1767086147304, "stop": 1767086149743}], "attachments": [{"name": "(Log (ERROR", "source": "6b2b7ffe-7d5b-42a3-9181-6f0d0b16283f-attachment.txt", "type": "text/plain"}, {"name": "login failed", "source": "8abce5d3-e718-4fa3-b228-dc4856c8a31c-attachment.png", "type": "image/png"}, {"name": "log", "source": "885c5264-69b8-4d99-ae94-9ee733e9fd82-attachment.txt", "type": "text/plain"}], "start": 1767086147303, "stop": 1767086154926, "uuid": "2b2b816d-b79a-4bc9-ad3b-907ce3da7698", "historyId": "5ac81c4322f6b4413bd8873b0934c299", "testCaseId": "5ac81c4322f6b4413bd8873b0934c299", "fullName": "automation_project.tests.test_login#test_successfully_login", "labels": [{"name": "parentSuite", "value": "automation_project.tests"}, {"name": "suite", "value": "test_login"}, {"name": "host", "value": "DESKTOP-HT385RC"}, {"name": "thread", "value": "3000-MainThread"}, {"name": "framework", "value": "pytest"}, {"name": "language", "value": "cpython3"}, {"name": "package", "value": "automation_project.tests.test_login"}], "titlePath": ["automation_project", "tests", "test_login.py"]}